2026-04-08 13:54:32 - FlexibleDB_admin_panel.db - INFO - اتصال به دیتابیس 'admin_panel.db' برقرار شد
2026-04-08 13:54:32 - FlexibleDB_gapgpt_multi.db - INFO - اتصال به دیتابیس 'gapgpt_multi.db' برقرار شد
2026-04-08 13:54:32 - FlexibleDB_gapgpt_multi.db - INFO - جدول 'users' ایجاد شد
2026-04-08 13:54:32 - FlexibleDB_gapgpt_multi.db - INFO - جدول 'chat_threads' ایجاد شد
2026-04-08 13:54:32 - FlexibleDB_gapgpt_multi.db - INFO - جدول 'chat_messages' ایجاد شد
2026-04-08 13:54:32 - FlexibleDB_gapgpt_multi.db - INFO - جدول 'user_states' ایجاد شد
2026-04-08 13:54:32 - FlexibleDB_gapgpt_multi.db - INFO - جدول 'banned_users' ایجاد شد
2026-04-08 13:54:32 - FlexibleDB_gapgpt_multi.db - INFO - جدول 'users' ایجاد شد
2026-04-08 13:54:32 - FlexibleDB_gapgpt_multi.db - INFO - جدول 'chat_threads' ایجاد شد
2026-04-08 13:54:32 - FlexibleDB_gapgpt_multi.db - INFO - جدول 'chat_messages' ایجاد شد
2026-04-08 13:54:32 - FlexibleDB_gapgpt_multi.db - INFO - جدول 'user_states' ایجاد شد
2026-04-08 13:54:32 - FlexibleDB_gapgpt_multi.db - INFO - جدول 'banned_users' ایجاد شد
2026-04-08 13:54:32 - FlexibleDB_gapgpt_multi.db - INFO - جدول 'users' ایجاد شد
2026-04-08 13:54:32 - FlexibleDB_gapgpt_multi.db - INFO - جدول 'chat_threads' ایجاد شد
2026-04-08 13:54:32 - FlexibleDB_gapgpt_multi.db - INFO - جدول 'chat_messages' ایجاد شد
2026-04-08 13:54:32 - FlexibleDB_gapgpt_multi.db - INFO - جدول 'user_states' ایجاد شد
2026-04-08 13:54:32 - FlexibleDB_gapgpt_multi.db - INFO - جدول 'banned_users' ایجاد شد
2026-04-08 13:54:32 - FlexibleDB_gapgpt_multi.db - INFO - جدول 'users' ایجاد شد
2026-04-08 13:54:32 - FlexibleDB_gapgpt_multi.db - INFO - جدول 'chat_threads' ایجاد شد
2026-04-08 13:54:32 - FlexibleDB_gapgpt_multi.db - INFO - جدول 'chat_messages' ایجاد شد
2026-04-08 13:54:32 - FlexibleDB_gapgpt_multi.db - INFO - جدول 'user_states' ایجاد شد
2026-04-08 13:54:32 - FlexibleDB_gapgpt_multi.db - INFO - جدول 'banned_users' ایجاد شد
2026-04-08 13:54:36 - FlexibleDB_admin_panel.db - ERROR - خطا در خواندن از جدول banned_users: no such table: banned_users
2026-04-08 13:54:45 - FlexibleDB_admin_panel.db - ERROR - خطا در خواندن از جدول banned_users: no such table: banned_users
2026-04-08 13:57:44 - FlexibleDB_admin_panel.db - INFO - اتصال به دیتابیس 'admin_panel.db' برقرار شد
2026-04-08 13:57:44 - FlexibleDB_gapgpt_multi.db - INFO - اتصال به دیتابیس 'gapgpt_multi.db' برقرار شد
2026-04-08 13:57:44 - FlexibleDB_gapgpt_multi.db - INFO - جدول 'users' ایجاد شد
2026-04-08 13:57:44 - FlexibleDB_gapgpt_multi.db - INFO - جدول 'chat_threads' ایجاد شد
2026-04-08 13:57:44 - FlexibleDB_gapgpt_multi.db - INFO - جدول 'chat_messages' ایجاد شد
2026-04-08 13:57:44 - FlexibleDB_gapgpt_multi.db - INFO - جدول 'user_states' ایجاد شد
2026-04-08 13:57:44 - FlexibleDB_gapgpt_multi.db - INFO - جدول 'banned_users' ایجاد شد
2026-04-08 13:57:44 - FlexibleDB_gapgpt_multi.db - INFO - جدول 'users' ایجاد شد
2026-04-08 13:57:44 - FlexibleDB_gapgpt_multi.db - INFO - جدول 'chat_threads' ایجاد شد
2026-04-08 13:57:44 - FlexibleDB_gapgpt_multi.db - INFO - جدول 'chat_messages' ایجاد شد
2026-04-08 13:57:44 - FlexibleDB_gapgpt_multi.db - INFO - جدول 'user_states' ایجاد شد
2026-04-08 13:57:44 - FlexibleDB_gapgpt_multi.db - INFO - جدول 'banned_users' ایجاد شد
2026-04-08 13:57:44 - FlexibleDB_gapgpt_multi.db - INFO - جدول 'users' ایجاد شد
2026-04-08 13:57:44 - FlexibleDB_gapgpt_multi.db - INFO - جدول 'chat_threads' ایجاد شد
2026-04-08 13:57:44 - FlexibleDB_gapgpt_multi.db - INFO - جدول 'chat_messages' ایجاد شد
2026-04-08 13:57:44 - FlexibleDB_gapgpt_multi.db - INFO - جدول 'user_states' ایجاد شد
2026-04-08 13:57:44 - FlexibleDB_gapgpt_multi.db - INFO - جدول 'banned_users' ایجاد شد
2026-04-08 13:57:44 - FlexibleDB_gapgpt_multi.db - INFO - جدول 'users' ایجاد شد
2026-04-08 13:57:44 - FlexibleDB_gapgpt_multi.db - INFO - جدول 'chat_threads' ایجاد شد
2026-04-08 13:57:44 - FlexibleDB_gapgpt_multi.db - INFO - جدول 'chat_messages' ایجاد شد
2026-04-08 13:57:44 - FlexibleDB_gapgpt_multi.db - INFO - جدول 'user_states' ایجاد شد
2026-04-08 13:57:44 - FlexibleDB_gapgpt_multi.db - INFO - جدول 'banned_users' ایجاد شد
2026-04-08 13:57:48 - FlexibleDB_admin_panel.db - ERROR - خطا در خواندن از جدول banned_users: no such table: banned_users
2026-04-08 13:57:54 - FlexibleDB_admin_panel.db - ERROR - خطا در خواندن از جدول banned_users: no such table: banned_users
2026-04-08 13:58:02 - FlexibleDB_admin_panel.db - ERROR - خطا در خواندن از جدول banned_users: no such table: banned_users
2026-04-08 13:58:11 - FlexibleDB_admin_panel.db - ERROR - خطا در خواندن از جدول banned_users: no such table: banned_users
2026-04-08 13:58:17 - FlexibleDB_admin_panel.db - ERROR - خطا در خواندن از جدول banned_users: no such table: banned_users
2026-04-08 14:01:13 - FlexibleDB_admin_panel.db - INFO - اتصال به دیتابیس 'admin_panel.db' برقرار شد
2026-04-08 14:01:13 - FlexibleDB_gapgpt_multi.db - INFO - اتصال به دیتابیس 'gapgpt_multi.db' برقرار شد
2026-04-08 14:01:13 - FlexibleDB_gapgpt_multi.db - ERROR - خطا در ایجاد جدول users: disk I/O error
2026-04-08 14:01:13 - FlexibleDB_gapgpt_multi.db - ERROR - خطا در ایجاد جدول chat_threads: disk I/O error
2026-04-08 14:01:13 - FlexibleDB_gapgpt_multi.db - ERROR - خطا در ایجاد جدول chat_messages: disk I/O error
2026-04-08 14:01:13 - FlexibleDB_gapgpt_multi.db - ERROR - خطا در ایجاد جدول user_states: disk I/O error
2026-04-08 14:01:13 - FlexibleDB_gapgpt_multi.db - ERROR - خطا در ایجاد جدول users: disk I/O error
2026-04-08 14:01:13 - FlexibleDB_gapgpt_multi.db - ERROR - خطا در ایجاد جدول chat_threads: disk I/O error
2026-04-08 14:01:13 - FlexibleDB_gapgpt_multi.db - ERROR - خطا در ایجاد جدول chat_messages: disk I/O error
2026-04-08 14:01:13 - FlexibleDB_gapgpt_multi.db - ERROR - خطا در ایجاد جدول user_states: disk I/O error
2026-04-08 14:01:13 - FlexibleDB_gapgpt_multi.db - ERROR - خطا در ایجاد جدول users: disk I/O error
2026-04-08 14:01:13 - FlexibleDB_gapgpt_multi.db - ERROR - خطا در ایجاد جدول chat_threads: disk I/O error
2026-04-08 14:01:13 - FlexibleDB_gapgpt_multi.db - ERROR - خطا در ایجاد جدول chat_messages: disk I/O error
2026-04-08 14:01:13 - FlexibleDB_gapgpt_multi.db - ERROR - خطا در ایجاد جدول user_states: disk I/O error
2026-04-08 14:01:13 - FlexibleDB_gapgpt_multi.db - ERROR - خطا در ایجاد جدول users: disk I/O error
2026-04-08 14:01:13 - FlexibleDB_gapgpt_multi.db - ERROR - خطا در ایجاد جدول chat_threads: disk I/O error
2026-04-08 14:01:13 - FlexibleDB_gapgpt_multi.db - ERROR - خطا در ایجاد جدول chat_messages: disk I/O error
2026-04-08 14:01:13 - FlexibleDB_gapgpt_multi.db - ERROR - خطا در ایجاد جدول user_states: disk I/O error
2026-04-08 14:01:21 - FlexibleDB_admin_panel.db - INFO - اتصال به دیتابیس 'admin_panel.db' برقرار شد
2026-04-08 14:01:21 - FlexibleDB_gapgpt_multi.db - INFO - اتصال به دیتابیس 'gapgpt_multi.db' برقرار شد
2026-04-08 14:01:21 - FlexibleDB_gapgpt_multi.db - INFO - جدول 'users' ایجاد شد
2026-04-08 14:01:21 - FlexibleDB_gapgpt_multi.db - INFO - جدول 'chat_threads' ایجاد شد
2026-04-08 14:01:21 - FlexibleDB_gapgpt_multi.db - INFO - جدول 'chat_messages' ایجاد شد
2026-04-08 14:01:21 - FlexibleDB_gapgpt_multi.db - INFO - جدول 'user_states' ایجاد شد
2026-04-08 14:01:21 - FlexibleDB_gapgpt_multi.db - INFO - جدول 'users' ایجاد شد
2026-04-08 14:01:21 - FlexibleDB_gapgpt_multi.db - INFO - جدول 'chat_threads' ایجاد شد
2026-04-08 14:01:21 - FlexibleDB_gapgpt_multi.db - INFO - جدول 'chat_messages' ایجاد شد
2026-04-08 14:01:21 - FlexibleDB_gapgpt_multi.db - INFO - جدول 'user_states' ایجاد شد
2026-04-08 14:01:21 - FlexibleDB_gapgpt_multi.db - INFO - جدول 'users' ایجاد شد
2026-04-08 14:01:21 - FlexibleDB_gapgpt_multi.db - INFO - جدول 'chat_threads' ایجاد شد
2026-04-08 14:01:21 - FlexibleDB_gapgpt_multi.db - INFO - جدول 'chat_messages' ایجاد شد
2026-04-08 14:01:21 - FlexibleDB_gapgpt_multi.db - INFO - جدول 'user_states' ایجاد شد
2026-04-08 14:01:21 - FlexibleDB_gapgpt_multi.db - INFO - جدول 'users' ایجاد شد
2026-04-08 14:01:21 - FlexibleDB_gapgpt_multi.db - INFO - جدول 'chat_threads' ایجاد شد
2026-04-08 14:01:21 - FlexibleDB_gapgpt_multi.db - INFO - جدول 'chat_messages' ایجاد شد
2026-04-08 14:01:21 - FlexibleDB_gapgpt_multi.db - INFO - جدول 'user_states' ایجاد شد
2026-04-08 14:01:26 - FlexibleDB_admin_panel.db - ERROR - خطا در خواندن از جدول banned_users: no such table: banned_users
2026-04-08 14:01:30 - FlexibleDB_admin_panel.db - ERROR - خطا در خواندن از جدول banned_users: no such table: banned_users
2026-04-08 14:01:33 - FlexibleDB_admin_panel.db - ERROR - خطا در خواندن از جدول banned_users: no such table: banned_users
2026-04-08 14:01:36 - FlexibleDB_admin_panel.db - ERROR - خطا در خواندن از جدول banned_users: no such table: banned_users
2026-04-08 14:05:39 - FlexibleDB_admin_panel.db - INFO - اتصال به دیتابیس 'admin_panel.db' برقرار شد
2026-04-08 14:05:39 - FlexibleDB_gapgpt_multi.db - INFO - اتصال به دیتابیس 'gapgpt_multi.db' برقرار شد
2026-04-08 14:05:39 - FlexibleDB_gapgpt_multi.db - INFO - جدول 'users' ایجاد شد
2026-04-08 14:05:39 - FlexibleDB_gapgpt_multi.db - INFO - جدول 'chat_threads' ایجاد شد
2026-04-08 14:05:39 - FlexibleDB_gapgpt_multi.db - INFO - جدول 'chat_messages' ایجاد شد
2026-04-08 14:05:39 - FlexibleDB_gapgpt_multi.db - INFO - جدول 'user_states' ایجاد شد
2026-04-08 14:05:39 - FlexibleDB_gapgpt_multi.db - INFO - جدول 'users' ایجاد شد
2026-04-08 14:05:39 - FlexibleDB_gapgpt_multi.db - INFO - جدول 'chat_threads' ایجاد شد
2026-04-08 14:05:39 - FlexibleDB_gapgpt_multi.db - INFO - جدول 'chat_messages' ایجاد شد
2026-04-08 14:05:39 - FlexibleDB_gapgpt_multi.db - INFO - جدول 'user_states' ایجاد شد
2026-04-08 14:05:39 - FlexibleDB_gapgpt_multi.db - INFO - جدول 'users' ایجاد شد
2026-04-08 14:05:39 - FlexibleDB_gapgpt_multi.db - INFO - جدول 'chat_threads' ایجاد شد
2026-04-08 14:05:39 - FlexibleDB_gapgpt_multi.db - INFO - جدول 'chat_messages' ایجاد شد
2026-04-08 14:05:39 - FlexibleDB_gapgpt_multi.db - INFO - جدول 'user_states' ایجاد شد
2026-04-08 14:05:39 - FlexibleDB_gapgpt_multi.db - INFO - جدول 'users' ایجاد شد
2026-04-08 14:05:39 - FlexibleDB_gapgpt_multi.db - INFO - جدول 'chat_threads' ایجاد شد
2026-04-08 14:05:39 - FlexibleDB_gapgpt_multi.db - INFO - جدول 'chat_messages' ایجاد شد
2026-04-08 14:05:39 - FlexibleDB_gapgpt_multi.db - INFO - جدول 'user_states' ایجاد شد
2026-04-08 14:07:00 - FlexibleDB_admin_panel.db - INFO - اتصال به دیتابیس 'admin_panel.db' برقرار شد
2026-04-08 14:07:00 - FlexibleDB_gapgpt_multi.db - INFO - اتصال به دیتابیس 'gapgpt_multi.db' برقرار شد
2026-04-08 14:07:00 - FlexibleDB_gapgpt_multi.db - INFO - جدول 'users' ایجاد شد
2026-04-08 14:07:00 - FlexibleDB_gapgpt_multi.db - INFO - جدول 'chat_threads' ایجاد شد
2026-04-08 14:07:00 - FlexibleDB_gapgpt_multi.db - INFO - جدول 'chat_messages' ایجاد شد
2026-04-08 14:07:00 - FlexibleDB_gapgpt_multi.db - INFO - جدول 'user_states' ایجاد شد
2026-04-08 14:07:00 - FlexibleDB_gapgpt_multi.db - INFO - جدول 'users' ایجاد شد
2026-04-08 14:07:00 - FlexibleDB_gapgpt_multi.db - INFO - جدول 'chat_threads' ایجاد شد
2026-04-08 14:07:00 - FlexibleDB_gapgpt_multi.db - INFO - جدول 'chat_messages' ایجاد شد
2026-04-08 14:07:00 - FlexibleDB_gapgpt_multi.db - INFO - جدول 'user_states' ایجاد شد
2026-04-08 14:07:00 - FlexibleDB_gapgpt_multi.db - INFO - جدول 'users' ایجاد شد
2026-04-08 14:07:00 - FlexibleDB_gapgpt_multi.db - INFO - جدول 'chat_threads' ایجاد شد
2026-04-08 14:07:00 - FlexibleDB_gapgpt_multi.db - INFO - جدول 'chat_messages' ایجاد شد
2026-04-08 14:07:00 - FlexibleDB_gapgpt_multi.db - INFO - جدول 'user_states' ایجاد شد
2026-04-08 14:07:00 - FlexibleDB_gapgpt_multi.db - INFO - جدول 'users' ایجاد شد
2026-04-08 14:07:00 - FlexibleDB_gapgpt_multi.db - INFO - جدول 'chat_threads' ایجاد شد
2026-04-08 14:07:00 - FlexibleDB_gapgpt_multi.db - INFO - جدول 'chat_messages' ایجاد شد
2026-04-08 14:07:00 - FlexibleDB_gapgpt_multi.db - INFO - جدول 'user_states' ایجاد شد
2026-04-08 14:10:49 - FlexibleDB_admin_panel.db - INFO - اتصال به دیتابیس 'admin_panel.db' برقرار شد
2026-04-08 14:10:49 - FlexibleDB_gapgpt_multi.db - INFO - اتصال به دیتابیس 'gapgpt_multi.db' برقرار شد
2026-04-08 14:10:49 - FlexibleDB_gapgpt_multi.db - INFO - جدول 'users' ایجاد شد
2026-04-08 14:10:49 - FlexibleDB_gapgpt_multi.db - INFO - جدول 'chat_threads' ایجاد شد
2026-04-08 14:10:49 - FlexibleDB_gapgpt_multi.db - INFO - جدول 'chat_messages' ایجاد شد
2026-04-08 14:10:49 - FlexibleDB_gapgpt_multi.db - INFO - جدول 'user_states' ایجاد شد
2026-04-08 14:10:49 - FlexibleDB_gapgpt_multi.db - INFO - جدول 'users' ایجاد شد
2026-04-08 14:10:49 - FlexibleDB_gapgpt_multi.db - INFO - جدول 'chat_threads' ایجاد شد
2026-04-08 14:10:49 - FlexibleDB_gapgpt_multi.db - INFO - جدول 'chat_messages' ایجاد شد
2026-04-08 14:10:49 - FlexibleDB_gapgpt_multi.db - INFO - جدول 'user_states' ایجاد شد
2026-04-08 14:10:49 - FlexibleDB_gapgpt_multi.db - INFO - جدول 'users' ایجاد شد
2026-04-08 14:10:49 - FlexibleDB_gapgpt_multi.db - INFO - جدول 'chat_threads' ایجاد شد
2026-04-08 14:10:49 - FlexibleDB_gapgpt_multi.db - INFO - جدول 'chat_messages' ایجاد شد
2026-04-08 14:10:49 - FlexibleDB_gapgpt_multi.db - INFO - جدول 'user_states' ایجاد شد
2026-04-08 14:10:49 - FlexibleDB_gapgpt_multi.db - INFO - جدول 'users' ایجاد شد
2026-04-08 14:10:49 - FlexibleDB_gapgpt_multi.db - INFO - جدول 'chat_threads' ایجاد شد
2026-04-08 14:10:49 - FlexibleDB_gapgpt_multi.db - INFO - جدول 'chat_messages' ایجاد شد
2026-04-08 14:10:49 - FlexibleDB_gapgpt_multi.db - INFO - جدول 'user_states' ایجاد شد
2026-04-08 14:12:02 - FlexibleDB_admin_panel.db - INFO - اتصال به دیتابیس 'admin_panel.db' برقرار شد
2026-04-08 14:12:02 - FlexibleDB_gapgpt_multi.db - INFO - اتصال به دیتابیس 'gapgpt_multi.db' برقرار شد
2026-04-08 14:12:02 - FlexibleDB_gapgpt_multi.db - INFO - جدول 'users' ایجاد شد
2026-04-08 14:12:02 - FlexibleDB_gapgpt_multi.db - INFO - جدول 'chat_threads' ایجاد شد
2026-04-08 14:12:02 - FlexibleDB_gapgpt_multi.db - INFO - جدول 'chat_messages' ایجاد شد
2026-04-08 14:12:02 - FlexibleDB_gapgpt_multi.db - INFO - جدول 'user_states' ایجاد شد
2026-04-08 14:12:02 - FlexibleDB_gapgpt_multi.db - INFO - جدول 'users' ایجاد شد
2026-04-08 14:12:02 - FlexibleDB_gapgpt_multi.db - INFO - جدول 'chat_threads' ایجاد شد
2026-04-08 14:12:02 - FlexibleDB_gapgpt_multi.db - INFO - جدول 'chat_messages' ایجاد شد
2026-04-08 14:12:02 - FlexibleDB_gapgpt_multi.db - INFO - جدول 'user_states' ایجاد شد
2026-04-08 14:12:02 - FlexibleDB_gapgpt_multi.db - INFO - جدول 'users' ایجاد شد
2026-04-08 14:12:02 - FlexibleDB_gapgpt_multi.db - INFO - جدول 'chat_threads' ایجاد شد
2026-04-08 14:12:02 - FlexibleDB_gapgpt_multi.db - INFO - جدول 'chat_messages' ایجاد شد
2026-04-08 14:12:02 - FlexibleDB_gapgpt_multi.db - INFO - جدول 'user_states' ایجاد شد
2026-04-08 14:12:02 - FlexibleDB_gapgpt_multi.db - INFO - جدول 'users' ایجاد شد
2026-04-08 14:12:02 - FlexibleDB_gapgpt_multi.db - INFO - جدول 'chat_threads' ایجاد شد
2026-04-08 14:12:02 - FlexibleDB_gapgpt_multi.db - INFO - جدول 'chat_messages' ایجاد شد
2026-04-08 14:12:02 - FlexibleDB_gapgpt_multi.db - INFO - جدول 'user_states' ایجاد شد
2026-04-08 14:16:26 - FlexibleDB_admin_panel.db - INFO - اتصال به دیتابیس 'admin_panel.db' برقرار شد
2026-04-08 14:16:26 - FlexibleDB_gapgpt_multi.db - INFO - اتصال به دیتابیس 'gapgpt_multi.db' برقرار شد
2026-04-08 14:16:26 - FlexibleDB_gapgpt_multi.db - INFO - جدول 'users' ایجاد شد
2026-04-08 14:16:26 - FlexibleDB_gapgpt_multi.db - INFO - جدول 'chat_threads' ایجاد شد
2026-04-08 14:16:26 - FlexibleDB_gapgpt_multi.db - INFO - جدول 'chat_messages' ایجاد شد
2026-04-08 14:16:26 - FlexibleDB_gapgpt_multi.db - INFO - جدول 'user_states' ایجاد شد
2026-04-08 14:16:26 - FlexibleDB_gapgpt_multi.db - INFO - جدول 'users' ایجاد شد
2026-04-08 14:16:26 - FlexibleDB_gapgpt_multi.db - INFO - جدول 'chat_threads' ایجاد شد
2026-04-08 14:16:26 - FlexibleDB_gapgpt_multi.db - INFO - جدول 'chat_messages' ایجاد شد
2026-04-08 14:16:26 - FlexibleDB_gapgpt_multi.db - INFO - جدول 'user_states' ایجاد شد
2026-04-08 14:16:26 - FlexibleDB_gapgpt_multi.db - INFO - جدول 'users' ایجاد شد
2026-04-08 14:16:26 - FlexibleDB_gapgpt_multi.db - INFO - جدول 'chat_threads' ایجاد شد
2026-04-08 14:16:26 - FlexibleDB_gapgpt_multi.db - INFO - جدول 'chat_messages' ایجاد شد
2026-04-08 14:16:26 - FlexibleDB_gapgpt_multi.db - INFO - جدول 'user_states' ایجاد شد
2026-04-08 14:16:26 - FlexibleDB_gapgpt_multi.db - INFO - جدول 'users' ایجاد شد
2026-04-08 14:16:26 - FlexibleDB_gapgpt_multi.db - INFO - جدول 'chat_threads' ایجاد شد
2026-04-08 14:16:26 - FlexibleDB_gapgpt_multi.db - INFO - جدول 'chat_messages' ایجاد شد
2026-04-08 14:16:26 - FlexibleDB_gapgpt_multi.db - INFO - جدول 'user_states' ایجاد شد
2026-04-08 14:18:13 - FlexibleDB_admin_panel.db - INFO - اتصال به دیتابیس 'admin_panel.db' برقرار شد
2026-04-08 14:18:13 - FlexibleDB_gapgpt_multi.db - INFO - اتصال به دیتابیس 'gapgpt_multi.db' برقرار شد
2026-04-08 14:18:13 - FlexibleDB_gapgpt_multi.db - INFO - جدول 'users' ایجاد شد
2026-04-08 14:18:13 - FlexibleDB_gapgpt_multi.db - INFO - جدول 'chat_threads' ایجاد شد
2026-04-08 14:18:13 - FlexibleDB_gapgpt_multi.db - INFO - جدول 'chat_messages' ایجاد شد
2026-04-08 14:18:13 - FlexibleDB_gapgpt_multi.db - INFO - جدول 'user_states' ایجاد شد
2026-04-08 14:18:13 - FlexibleDB_gapgpt_multi.db - INFO - جدول 'users' ایجاد شد
2026-04-08 14:18:13 - FlexibleDB_gapgpt_multi.db - INFO - جدول 'chat_threads' ایجاد شد
2026-04-08 14:18:13 - FlexibleDB_gapgpt_multi.db - INFO - جدول 'chat_messages' ایجاد شد
2026-04-08 14:18:13 - FlexibleDB_gapgpt_multi.db - INFO - جدول 'user_states' ایجاد شد
2026-04-08 14:18:13 - FlexibleDB_gapgpt_multi.db - INFO - جدول 'users' ایجاد شد
2026-04-08 14:18:13 - FlexibleDB_gapgpt_multi.db - INFO - جدول 'chat_threads' ایجاد شد
2026-04-08 14:18:13 - FlexibleDB_gapgpt_multi.db - INFO - جدول 'chat_messages' ایجاد شد
2026-04-08 14:18:13 - FlexibleDB_gapgpt_multi.db - INFO - جدول 'user_states' ایجاد شد
2026-04-08 14:18:13 - FlexibleDB_gapgpt_multi.db - INFO - جدول 'users' ایجاد شد
2026-04-08 14:18:13 - FlexibleDB_gapgpt_multi.db - INFO - جدول 'chat_threads' ایجاد شد
2026-04-08 14:18:13 - FlexibleDB_gapgpt_multi.db - INFO - جدول 'chat_messages' ایجاد شد
2026-04-08 14:18:13 - FlexibleDB_gapgpt_multi.db - INFO - جدول 'user_states' ایجاد شد
2026-04-08 14:22:41 - FlexibleDB_admin_panel.db - INFO - اتصال به دیتابیس 'admin_panel.db' برقرار شد
2026-04-08 14:22:41 - FlexibleDB_gapgpt_multi.db - INFO - اتصال به دیتابیس 'gapgpt_multi.db' برقرار شد
2026-04-08 14:22:42 - FlexibleDB_gapgpt_multi.db - INFO - جدول 'users' ایجاد شد
2026-04-08 14:22:42 - FlexibleDB_gapgpt_multi.db - INFO - جدول 'chat_threads' ایجاد شد
2026-04-08 14:22:42 - FlexibleDB_gapgpt_multi.db - INFO - جدول 'chat_messages' ایجاد شد
2026-04-08 14:22:42 - FlexibleDB_gapgpt_multi.db - INFO - جدول 'user_states' ایجاد شد
2026-04-08 14:22:42 - FlexibleDB_gapgpt_multi.db - INFO - جدول 'users' ایجاد شد
2026-04-08 14:22:42 - FlexibleDB_gapgpt_multi.db - INFO - جدول 'chat_threads' ایجاد شد
2026-04-08 14:22:42 - FlexibleDB_gapgpt_multi.db - INFO - جدول 'chat_messages' ایجاد شد
2026-04-08 14:22:42 - FlexibleDB_gapgpt_multi.db - INFO - جدول 'user_states' ایجاد شد
2026-04-08 14:22:42 - FlexibleDB_gapgpt_multi.db - INFO - جدول 'users' ایجاد شد
2026-04-08 14:22:42 - FlexibleDB_gapgpt_multi.db - INFO - جدول 'chat_threads' ایجاد شد
2026-04-08 14:22:42 - FlexibleDB_gapgpt_multi.db - INFO - جدول 'chat_messages' ایجاد شد
2026-04-08 14:22:42 - FlexibleDB_gapgpt_multi.db - INFO - جدول 'user_states' ایجاد شد
2026-04-08 14:22:42 - FlexibleDB_gapgpt_multi.db - INFO - جدول 'users' ایجاد شد
2026-04-08 14:22:42 - FlexibleDB_gapgpt_multi.db - INFO - جدول 'chat_threads' ایجاد شد
2026-04-08 14:22:42 - FlexibleDB_gapgpt_multi.db - INFO - جدول 'chat_messages' ایجاد شد
2026-04-08 14:22:42 - FlexibleDB_gapgpt_multi.db - INFO - جدول 'user_states' ایجاد شد
2026-04-08 14:30:29 - FlexibleDB_admin_panel.db - INFO - اتصال به دیتابیس 'admin_panel.db' برقرار شد
2026-04-08 14:30:29 - FlexibleDB_gapgpt_multi.db - INFO - اتصال به دیتابیس 'gapgpt_multi.db' برقرار شد
2026-04-08 14:30:29 - FlexibleDB_gapgpt_multi.db - INFO - جدول 'users' ایجاد شد
2026-04-08 14:30:29 - FlexibleDB_gapgpt_multi.db - INFO - جدول 'chat_threads' ایجاد شد
2026-04-08 14:30:29 - FlexibleDB_gapgpt_multi.db - INFO - جدول 'chat_messages' ایجاد شد
2026-04-08 14:30:29 - FlexibleDB_gapgpt_multi.db - INFO - جدول 'user_states' ایجاد شد
2026-04-08 14:30:29 - FlexibleDB_gapgpt_multi.db - INFO - جدول 'users' ایجاد شد
2026-04-08 14:30:29 - FlexibleDB_gapgpt_multi.db - INFO - جدول 'chat_threads' ایجاد شد
2026-04-08 14:30:29 - FlexibleDB_gapgpt_multi.db - INFO - جدول 'chat_messages' ایجاد شد
2026-04-08 14:30:29 - FlexibleDB_gapgpt_multi.db - INFO - جدول 'user_states' ایجاد شد
2026-04-08 14:30:29 - FlexibleDB_gapgpt_multi.db - INFO - جدول 'users' ایجاد شد
2026-04-08 14:30:29 - FlexibleDB_gapgpt_multi.db - INFO - جدول 'chat_threads' ایجاد شد
2026-04-08 14:30:29 - FlexibleDB_gapgpt_multi.db - INFO - جدول 'chat_messages' ایجاد شد
2026-04-08 14:30:29 - FlexibleDB_gapgpt_multi.db - INFO - جدول 'user_states' ایجاد شد
2026-04-08 14:30:29 - FlexibleDB_gapgpt_multi.db - INFO - جدول 'users' ایجاد شد
2026-04-08 14:30:29 - FlexibleDB_gapgpt_multi.db - INFO - جدول 'chat_threads' ایجاد شد
2026-04-08 14:30:29 - FlexibleDB_gapgpt_multi.db - INFO - جدول 'chat_messages' ایجاد شد
2026-04-08 14:30:29 - FlexibleDB_gapgpt_multi.db - INFO - جدول 'user_states' ایجاد شد
2026-04-08 14:31:31 - FlexibleDB_admin_panel.db - INFO - اتصال به دیتابیس 'admin_panel.db' برقرار شد
2026-04-08 14:31:31 - FlexibleDB_gapgpt_multi.db - INFO - اتصال به دیتابیس 'gapgpt_multi.db' برقرار شد
2026-04-08 14:31:31 - FlexibleDB_gapgpt_multi.db - INFO - جدول 'users' ایجاد شد
2026-04-08 14:31:31 - FlexibleDB_gapgpt_multi.db - INFO - جدول 'chat_threads' ایجاد شد
2026-04-08 14:31:31 - FlexibleDB_gapgpt_multi.db - INFO - جدول 'chat_messages' ایجاد شد
2026-04-08 14:31:31 - FlexibleDB_gapgpt_multi.db - INFO - جدول 'user_states' ایجاد شد
2026-04-08 14:31:31 - FlexibleDB_gapgpt_multi.db - INFO - جدول 'users' ایجاد شد
2026-04-08 14:31:31 - FlexibleDB_gapgpt_multi.db - INFO - جدول 'chat_threads' ایجاد شد
2026-04-08 14:31:31 - FlexibleDB_gapgpt_multi.db - INFO - جدول 'chat_messages' ایجاد شد
2026-04-08 14:31:31 - FlexibleDB_gapgpt_multi.db - INFO - جدول 'user_states' ایجاد شد
2026-04-08 14:31:31 - FlexibleDB_gapgpt_multi.db - INFO - جدول 'users' ایجاد شد
2026-04-08 14:31:31 - FlexibleDB_gapgpt_multi.db - INFO - جدول 'chat_threads' ایجاد شد
2026-04-08 14:31:31 - FlexibleDB_gapgpt_multi.db - INFO - جدول 'chat_messages' ایجاد شد
2026-04-08 14:31:31 - FlexibleDB_gapgpt_multi.db - INFO - جدول 'user_states' ایجاد شد
2026-04-08 14:31:31 - FlexibleDB_gapgpt_multi.db - INFO - جدول 'users' ایجاد شد
2026-04-08 14:31:31 - FlexibleDB_gapgpt_multi.db - INFO - جدول 'chat_threads' ایجاد شد
2026-04-08 14:31:31 - FlexibleDB_gapgpt_multi.db - INFO - جدول 'chat_messages' ایجاد شد
2026-04-08 14:31:31 - FlexibleDB_gapgpt_multi.db - INFO - جدول 'user_states' ایجاد شد
2026-04-08 14:33:52 - FlexibleDB_admin_panel.db - INFO - اتصال به دیتابیس 'admin_panel.db' برقرار شد
2026-04-08 14:33:52 - FlexibleDB_gapgpt_multi.db - INFO - اتصال به دیتابیس 'gapgpt_multi.db' برقرار شد
2026-04-08 14:33:52 - FlexibleDB_gapgpt_multi.db - INFO - جدول 'users' ایجاد شد
2026-04-08 14:33:52 - FlexibleDB_gapgpt_multi.db - INFO - جدول 'chat_threads' ایجاد شد
2026-04-08 14:33:52 - FlexibleDB_gapgpt_multi.db - INFO - جدول 'chat_messages' ایجاد شد
2026-04-08 14:33:52 - FlexibleDB_gapgpt_multi.db - INFO - جدول 'user_states' ایجاد شد
2026-04-08 14:33:52 - FlexibleDB_gapgpt_multi.db - INFO - جدول 'users' ایجاد شد
2026-04-08 14:33:52 - FlexibleDB_gapgpt_multi.db - INFO - جدول 'chat_threads' ایجاد شد
2026-04-08 14:33:52 - FlexibleDB_gapgpt_multi.db - INFO - جدول 'chat_messages' ایجاد شد
2026-04-08 14:33:52 - FlexibleDB_gapgpt_multi.db - INFO - جدول 'user_states' ایجاد شد
2026-04-08 14:33:52 - FlexibleDB_gapgpt_multi.db - INFO - جدول 'users' ایجاد شد
2026-04-08 14:33:52 - FlexibleDB_gapgpt_multi.db - INFO - جدول 'chat_threads' ایجاد شد
2026-04-08 14:33:52 - FlexibleDB_gapgpt_multi.db - INFO - جدول 'chat_messages' ایجاد شد
2026-04-08 14:33:52 - FlexibleDB_gapgpt_multi.db - INFO - جدول 'user_states' ایجاد شد
2026-04-08 14:33:52 - FlexibleDB_gapgpt_multi.db - INFO - جدول 'users' ایجاد شد
2026-04-08 14:33:52 - FlexibleDB_gapgpt_multi.db - INFO - جدول 'chat_threads' ایجاد شد
2026-04-08 14:33:52 - FlexibleDB_gapgpt_multi.db - INFO - جدول 'chat_messages' ایجاد شد
2026-04-08 14:33:52 - FlexibleDB_gapgpt_multi.db - INFO - جدول 'user_states' ایجاد شد
2026-04-08 14:37:17 - FlexibleDB_admin_panel.db - INFO - اتصال به دیتابیس 'admin_panel.db' برقرار شد
2026-04-08 14:37:17 - FlexibleDB_gapgpt_multi.db - INFO - اتصال به دیتابیس 'gapgpt_multi.db' برقرار شد
2026-04-08 14:37:17 - FlexibleDB_gapgpt_multi.db - INFO - جدول 'users' ایجاد شد
2026-04-08 14:37:17 - FlexibleDB_gapgpt_multi.db - INFO - جدول 'chat_threads' ایجاد شد
2026-04-08 14:37:17 - FlexibleDB_gapgpt_multi.db - INFO - جدول 'chat_messages' ایجاد شد
2026-04-08 14:37:17 - FlexibleDB_gapgpt_multi.db - INFO - جدول 'user_states' ایجاد شد
2026-04-08 14:37:17 - FlexibleDB_gapgpt_multi.db - INFO - جدول 'users' ایجاد شد
2026-04-08 14:37:17 - FlexibleDB_gapgpt_multi.db - INFO - جدول 'chat_threads' ایجاد شد
2026-04-08 14:37:17 - FlexibleDB_gapgpt_multi.db - INFO - جدول 'chat_messages' ایجاد شد
2026-04-08 14:37:17 - FlexibleDB_gapgpt_multi.db - INFO - جدول 'user_states' ایجاد شد
2026-04-08 14:37:17 - FlexibleDB_gapgpt_multi.db - INFO - جدول 'users' ایجاد شد
2026-04-08 14:37:17 - FlexibleDB_gapgpt_multi.db - INFO - جدول 'chat_threads' ایجاد شد
2026-04-08 14:37:17 - FlexibleDB_gapgpt_multi.db - INFO - جدول 'chat_messages' ایجاد شد
2026-04-08 14:37:17 - FlexibleDB_gapgpt_multi.db - INFO - جدول 'user_states' ایجاد شد
2026-04-08 14:37:17 - FlexibleDB_gapgpt_multi.db - INFO - جدول 'users' ایجاد شد
2026-04-08 14:37:17 - FlexibleDB_gapgpt_multi.db - INFO - جدول 'chat_threads' ایجاد شد
2026-04-08 14:37:17 - FlexibleDB_gapgpt_multi.db - INFO - جدول 'chat_messages' ایجاد شد
2026-04-08 14:37:17 - FlexibleDB_gapgpt_multi.db - INFO - جدول 'user_states' ایجاد شد
2026-04-08 14:38:17 - FlexibleDB_admin_panel.db - INFO - اتصال به دیتابیس 'admin_panel.db' برقرار شد
2026-04-08 14:38:17 - FlexibleDB_gapgpt_multi.db - INFO - اتصال به دیتابیس 'gapgpt_multi.db' برقرار شد
2026-04-08 14:38:17 - FlexibleDB_gapgpt_multi.db - INFO - جدول 'users' ایجاد شد
2026-04-08 14:38:17 - FlexibleDB_gapgpt_multi.db - INFO - جدول 'chat_threads' ایجاد شد
2026-04-08 14:38:17 - FlexibleDB_gapgpt_multi.db - INFO - جدول 'chat_messages' ایجاد شد
2026-04-08 14:38:17 - FlexibleDB_gapgpt_multi.db - INFO - جدول 'user_states' ایجاد شد
2026-04-08 14:38:17 - FlexibleDB_gapgpt_multi.db - INFO - جدول 'users' ایجاد شد
2026-04-08 14:38:17 - FlexibleDB_gapgpt_multi.db - INFO - جدول 'chat_threads' ایجاد شد
2026-04-08 14:38:17 - FlexibleDB_gapgpt_multi.db - INFO - جدول 'chat_messages' ایجاد شد
2026-04-08 14:38:17 - FlexibleDB_gapgpt_multi.db - INFO - جدول 'user_states' ایجاد شد
2026-04-08 14:38:17 - FlexibleDB_gapgpt_multi.db - INFO - جدول 'users' ایجاد شد
2026-04-08 14:38:17 - FlexibleDB_gapgpt_multi.db - INFO - جدول 'chat_threads' ایجاد شد
2026-04-08 14:38:17 - FlexibleDB_gapgpt_multi.db - INFO - جدول 'chat_messages' ایجاد شد
2026-04-08 14:38:17 - FlexibleDB_gapgpt_multi.db - INFO - جدول 'user_states' ایجاد شد
2026-04-08 14:38:17 - FlexibleDB_gapgpt_multi.db - INFO - جدول 'users' ایجاد شد
2026-04-08 14:38:17 - FlexibleDB_gapgpt_multi.db - INFO - جدول 'chat_threads' ایجاد شد
2026-04-08 14:38:17 - FlexibleDB_gapgpt_multi.db - INFO - جدول 'chat_messages' ایجاد شد
2026-04-08 14:38:17 - FlexibleDB_gapgpt_multi.db - INFO - جدول 'user_states' ایجاد شد
2026-04-08 14:38:23 - FlexibleDB_gapgpt_multi.db - ERROR - خطا در به‌روزرسانی جدول users: no such column: last_seen
2026-04-08 14:40:19 - FlexibleDB_admin_panel.db - INFO - اتصال به دیتابیس 'admin_panel.db' برقرار شد
2026-04-08 14:40:19 - FlexibleDB_gapgpt_multi.db - INFO - اتصال به دیتابیس 'gapgpt_multi.db' برقرار شد
2026-04-08 14:40:19 - FlexibleDB_gapgpt_multi.db - INFO - جدول 'users' ایجاد شد
2026-04-08 14:40:19 - FlexibleDB_gapgpt_multi.db - INFO - جدول 'chat_threads' ایجاد شد
2026-04-08 14:40:19 - FlexibleDB_gapgpt_multi.db - INFO - جدول 'chat_messages' ایجاد شد
2026-04-08 14:40:19 - FlexibleDB_gapgpt_multi.db - INFO - جدول 'user_states' ایجاد شد
2026-04-08 14:40:19 - FlexibleDB_gapgpt_multi.db - INFO - جدول 'users' ایجاد شد
2026-04-08 14:40:19 - FlexibleDB_gapgpt_multi.db - INFO - جدول 'chat_threads' ایجاد شد
2026-04-08 14:40:19 - FlexibleDB_gapgpt_multi.db - INFO - جدول 'chat_messages' ایجاد شد
2026-04-08 14:40:19 - FlexibleDB_gapgpt_multi.db - INFO - جدول 'user_states' ایجاد شد
2026-04-08 14:40:19 - FlexibleDB_gapgpt_multi.db - INFO - جدول 'users' ایجاد شد
2026-04-08 14:40:19 - FlexibleDB_gapgpt_multi.db - INFO - جدول 'chat_threads' ایجاد شد
2026-04-08 14:40:19 - FlexibleDB_gapgpt_multi.db - INFO - جدول 'chat_messages' ایجاد شد
2026-04-08 14:40:19 - FlexibleDB_gapgpt_multi.db - INFO - جدول 'user_states' ایجاد شد
2026-04-08 14:40:19 - FlexibleDB_gapgpt_multi.db - INFO - جدول 'users' ایجاد شد
2026-04-08 14:40:19 - FlexibleDB_gapgpt_multi.db - INFO - جدول 'chat_threads' ایجاد شد
2026-04-08 14:40:19 - FlexibleDB_gapgpt_multi.db - INFO - جدول 'chat_messages' ایجاد شد
2026-04-08 14:40:19 - FlexibleDB_gapgpt_multi.db - INFO - جدول 'user_states' ایجاد شد
2026-04-08 14:40:44 - FlexibleDB_admin_panel.db - INFO - اتصال به دیتابیس 'admin_panel.db' برقرار شد
2026-04-08 14:40:44 - FlexibleDB_gapgpt_multi.db - INFO - اتصال به دیتابیس 'gapgpt_multi.db' برقرار شد
2026-04-08 14:40:44 - FlexibleDB_gapgpt_multi.db - INFO - جدول 'users' ایجاد شد
2026-04-08 14:40:44 - FlexibleDB_gapgpt_multi.db - INFO - جدول 'chat_threads' ایجاد شد
2026-04-08 14:40:44 - FlexibleDB_gapgpt_multi.db - INFO - جدول 'chat_messages' ایجاد شد
2026-04-08 14:40:44 - FlexibleDB_gapgpt_multi.db - INFO - جدول 'user_states' ایجاد شد
2026-04-08 14:40:44 - FlexibleDB_gapgpt_multi.db - INFO - جدول 'users' ایجاد شد
2026-04-08 14:40:44 - FlexibleDB_gapgpt_multi.db - INFO - جدول 'chat_threads' ایجاد شد
2026-04-08 14:40:44 - FlexibleDB_gapgpt_multi.db - INFO - جدول 'chat_messages' ایجاد شد
2026-04-08 14:40:44 - FlexibleDB_gapgpt_multi.db - INFO - جدول 'user_states' ایجاد شد
2026-04-08 14:40:44 - FlexibleDB_gapgpt_multi.db - INFO - جدول 'users' ایجاد شد
2026-04-08 14:40:44 - FlexibleDB_gapgpt_multi.db - INFO - جدول 'chat_threads' ایجاد شد
2026-04-08 14:40:44 - FlexibleDB_gapgpt_multi.db - INFO - جدول 'chat_messages' ایجاد شد
2026-04-08 14:40:44 - FlexibleDB_gapgpt_multi.db - INFO - جدول 'user_states' ایجاد شد
2026-04-08 14:40:44 - FlexibleDB_gapgpt_multi.db - INFO - جدول 'users' ایجاد شد
2026-04-08 14:40:44 - FlexibleDB_gapgpt_multi.db - INFO - جدول 'chat_threads' ایجاد شد
2026-04-08 14:40:44 - FlexibleDB_gapgpt_multi.db - INFO - جدول 'chat_messages' ایجاد شد
2026-04-08 14:40:44 - FlexibleDB_gapgpt_multi.db - INFO - جدول 'user_states' ایجاد شد
2026-04-08 14:41:25 - FlexibleDB_admin_panel.db - INFO - اتصال به دیتابیس 'admin_panel.db' برقرار شد
2026-04-08 14:41:25 - FlexibleDB_gapgpt_multi.db - INFO - اتصال به دیتابیس 'gapgpt_multi.db' برقرار شد
2026-04-08 14:41:25 - FlexibleDB_gapgpt_multi.db - INFO - جدول 'users' ایجاد شد
2026-04-08 14:41:25 - FlexibleDB_gapgpt_multi.db - INFO - جدول 'chat_threads' ایجاد شد
2026-04-08 14:41:25 - FlexibleDB_gapgpt_multi.db - INFO - جدول 'chat_messages' ایجاد شد
2026-04-08 14:41:25 - FlexibleDB_gapgpt_multi.db - INFO - جدول 'user_states' ایجاد شد
2026-04-08 14:41:25 - FlexibleDB_gapgpt_multi.db - INFO - جدول 'users' ایجاد شد
2026-04-08 14:41:25 - FlexibleDB_gapgpt_multi.db - INFO - جدول 'chat_threads' ایجاد شد
2026-04-08 14:41:25 - FlexibleDB_gapgpt_multi.db - INFO - جدول 'chat_messages' ایجاد شد
2026-04-08 14:41:25 - FlexibleDB_gapgpt_multi.db - INFO - جدول 'user_states' ایجاد شد
2026-04-08 14:41:25 - FlexibleDB_gapgpt_multi.db - INFO - جدول 'users' ایجاد شد
2026-04-08 14:41:25 - FlexibleDB_gapgpt_multi.db - INFO - جدول 'chat_threads' ایجاد شد
2026-04-08 14:41:25 - FlexibleDB_gapgpt_multi.db - INFO - جدول 'chat_messages' ایجاد شد
2026-04-08 14:41:25 - FlexibleDB_gapgpt_multi.db - INFO - جدول 'user_states' ایجاد شد
2026-04-08 14:41:25 - FlexibleDB_gapgpt_multi.db - INFO - جدول 'users' ایجاد شد
2026-04-08 14:41:25 - FlexibleDB_gapgpt_multi.db - INFO - جدول 'chat_threads' ایجاد شد
2026-04-08 14:41:25 - FlexibleDB_gapgpt_multi.db - INFO - جدول 'chat_messages' ایجاد شد
2026-04-08 14:41:25 - FlexibleDB_gapgpt_multi.db - INFO - جدول 'user_states' ایجاد شد
2026-04-08 14:42:07 - FlexibleDB_admin_panel.db - INFO - اتصال به دیتابیس 'admin_panel.db' برقرار شد
2026-04-08 14:42:07 - FlexibleDB_gapgpt_multi.db - INFO - اتصال به دیتابیس 'gapgpt_multi.db' برقرار شد
2026-04-08 14:42:07 - FlexibleDB_gapgpt_multi.db - INFO - جدول 'users' ایجاد شد
2026-04-08 14:42:07 - FlexibleDB_gapgpt_multi.db - INFO - جدول 'chat_threads' ایجاد شد
2026-04-08 14:42:07 - FlexibleDB_gapgpt_multi.db - INFO - جدول 'chat_messages' ایجاد شد
2026-04-08 14:42:07 - FlexibleDB_gapgpt_multi.db - INFO - جدول 'user_states' ایجاد شد
2026-04-08 14:42:07 - FlexibleDB_gapgpt_multi.db - INFO - جدول 'users' ایجاد شد
2026-04-08 14:42:07 - FlexibleDB_gapgpt_multi.db - INFO - جدول 'chat_threads' ایجاد شد
2026-04-08 14:42:07 - FlexibleDB_gapgpt_multi.db - INFO - جدول 'chat_messages' ایجاد شد
2026-04-08 14:42:07 - FlexibleDB_gapgpt_multi.db - INFO - جدول 'user_states' ایجاد شد
2026-04-08 14:42:07 - FlexibleDB_gapgpt_multi.db - INFO - جدول 'users' ایجاد شد
2026-04-08 14:42:07 - FlexibleDB_gapgpt_multi.db - INFO - جدول 'chat_threads' ایجاد شد
2026-04-08 14:42:07 - FlexibleDB_gapgpt_multi.db - INFO - جدول 'chat_messages' ایجاد شد
2026-04-08 14:42:07 - FlexibleDB_gapgpt_multi.db - INFO - جدول 'user_states' ایجاد شد
2026-04-08 14:42:07 - FlexibleDB_gapgpt_multi.db - INFO - جدول 'users' ایجاد شد
2026-04-08 14:42:07 - FlexibleDB_gapgpt_multi.db - INFO - جدول 'chat_threads' ایجاد شد
2026-04-08 14:42:07 - FlexibleDB_gapgpt_multi.db - INFO - جدول 'chat_messages' ایجاد شد
2026-04-08 14:42:07 - FlexibleDB_gapgpt_multi.db - INFO - جدول 'user_states' ایجاد شد
2026-04-08 15:01:07 - FlexibleDB_admin_panel.db - INFO - اتصال به دیتابیس 'admin_panel.db' برقرار شد
2026-04-08 15:01:07 - FlexibleDB_gapgpt_multi.db - INFO - اتصال به دیتابیس 'gapgpt_multi.db' برقرار شد
2026-04-08 15:01:07 - FlexibleDB_gapgpt_multi.db - INFO - جدول 'users' ایجاد شد
2026-04-08 15:01:07 - FlexibleDB_gapgpt_multi.db - INFO - جدول 'chat_threads' ایجاد شد
2026-04-08 15:01:07 - FlexibleDB_gapgpt_multi.db - INFO - جدول 'chat_messages' ایجاد شد
2026-04-08 15:01:07 - FlexibleDB_gapgpt_multi.db - INFO - جدول 'user_states' ایجاد شد
2026-04-08 15:01:07 - FlexibleDB_gapgpt_multi.db - INFO - جدول 'users' ایجاد شد
2026-04-08 15:01:07 - FlexibleDB_gapgpt_multi.db - INFO - جدول 'chat_threads' ایجاد شد
2026-04-08 15:01:07 - FlexibleDB_gapgpt_multi.db - INFO - جدول 'chat_messages' ایجاد شد
2026-04-08 15:01:07 - FlexibleDB_gapgpt_multi.db - INFO - جدول 'user_states' ایجاد شد
2026-04-08 15:01:07 - FlexibleDB_gapgpt_multi.db - INFO - جدول 'users' ایجاد شد
2026-04-08 15:01:07 - FlexibleDB_gapgpt_multi.db - INFO - جدول 'chat_threads' ایجاد شد
2026-04-08 15:01:07 - FlexibleDB_gapgpt_multi.db - INFO - جدول 'chat_messages' ایجاد شد
2026-04-08 15:01:07 - FlexibleDB_gapgpt_multi.db - INFO - جدول 'user_states' ایجاد شد
2026-04-08 15:01:07 - FlexibleDB_gapgpt_multi.db - INFO - جدول 'users' ایجاد شد
2026-04-08 15:01:07 - FlexibleDB_gapgpt_multi.db - INFO - جدول 'chat_threads' ایجاد شد
2026-04-08 15:01:07 - FlexibleDB_gapgpt_multi.db - INFO - جدول 'chat_messages' ایجاد شد
2026-04-08 15:01:07 - FlexibleDB_gapgpt_multi.db - INFO - جدول 'user_states' ایجاد شد
2026-04-08 15:19:52 - FlexibleDB_admin_panel.db - INFO - اتصال به دیتابیس 'admin_panel.db' برقرار شد
2026-04-08 15:19:52 - FlexibleDB_gapgpt_multi.db - INFO - اتصال به دیتابیس 'gapgpt_multi.db' برقرار شد
2026-04-08 15:19:52 - FlexibleDB_gapgpt_multi.db - INFO - جدول 'users' ایجاد شد
2026-04-08 15:19:52 - FlexibleDB_gapgpt_multi.db - INFO - جدول 'chat_threads' ایجاد شد
2026-04-08 15:19:52 - FlexibleDB_gapgpt_multi.db - INFO - جدول 'chat_messages' ایجاد شد
2026-04-08 15:19:52 - FlexibleDB_gapgpt_multi.db - INFO - جدول 'user_states' ایجاد شد
2026-04-08 15:19:52 - FlexibleDB_gapgpt_multi.db - INFO - جدول 'users' ایجاد شد
2026-04-08 15:19:52 - FlexibleDB_gapgpt_multi.db - INFO - جدول 'chat_threads' ایجاد شد
2026-04-08 15:19:52 - FlexibleDB_gapgpt_multi.db - INFO - جدول 'chat_messages' ایجاد شد
2026-04-08 15:19:52 - FlexibleDB_gapgpt_multi.db - INFO - جدول 'user_states' ایجاد شد
2026-04-08 15:19:52 - FlexibleDB_gapgpt_multi.db - INFO - جدول 'users' ایجاد شد
2026-04-08 15:19:52 - FlexibleDB_gapgpt_multi.db - INFO - جدول 'chat_threads' ایجاد شد
2026-04-08 15:19:52 - FlexibleDB_gapgpt_multi.db - INFO - جدول 'chat_messages' ایجاد شد
2026-04-08 15:19:52 - FlexibleDB_gapgpt_multi.db - INFO - جدول 'user_states' ایجاد شد
2026-04-08 15:19:52 - FlexibleDB_gapgpt_multi.db - INFO - جدول 'users' ایجاد شد
2026-04-08 15:19:52 - FlexibleDB_gapgpt_multi.db - INFO - جدول 'chat_threads' ایجاد شد
2026-04-08 15:19:52 - FlexibleDB_gapgpt_multi.db - INFO - جدول 'chat_messages' ایجاد شد
2026-04-08 15:19:52 - FlexibleDB_gapgpt_multi.db - INFO - جدول 'user_states' ایجاد شد
2026-04-08 20:52:00 - FlexibleDB_admin_panel.db - INFO - اتصال به دیتابیس 'admin_panel.db' برقرار شد
2026-04-08 20:52:00 - FlexibleDB_gapgpt_multi.db - INFO - اتصال به دیتابیس 'gapgpt_multi.db' برقرار شد
2026-04-08 20:52:00 - FlexibleDB_gapgpt_multi.db - INFO - جدول 'users' ایجاد شد
2026-04-08 20:52:00 - FlexibleDB_gapgpt_multi.db - INFO - جدول 'chat_threads' ایجاد شد
2026-04-08 20:52:00 - FlexibleDB_gapgpt_multi.db - INFO - جدول 'chat_messages' ایجاد شد
2026-04-08 20:52:00 - FlexibleDB_gapgpt_multi.db - INFO - جدول 'user_states' ایجاد شد
2026-04-08 20:52:00 - FlexibleDB_gapgpt_multi.db - INFO - جدول 'users' ایجاد شد
2026-04-08 20:52:00 - FlexibleDB_gapgpt_multi.db - INFO - جدول 'chat_threads' ایجاد شد
2026-04-08 20:52:00 - FlexibleDB_gapgpt_multi.db - INFO - جدول 'chat_messages' ایجاد شد
2026-04-08 20:52:00 - FlexibleDB_gapgpt_multi.db - INFO - جدول 'user_states' ایجاد شد
2026-04-08 20:52:00 - FlexibleDB_gapgpt_multi.db - INFO - جدول 'users' ایجاد شد
2026-04-08 20:52:00 - FlexibleDB_gapgpt_multi.db - INFO - جدول 'chat_threads' ایجاد شد
2026-04-08 20:52:00 - FlexibleDB_gapgpt_multi.db - INFO - جدول 'chat_messages' ایجاد شد
2026-04-08 20:52:00 - FlexibleDB_gapgpt_multi.db - INFO - جدول 'user_states' ایجاد شد
2026-04-08 20:52:00 - FlexibleDB_gapgpt_multi.db - INFO - جدول 'users' ایجاد شد
2026-04-08 20:52:00 - FlexibleDB_gapgpt_multi.db - INFO - جدول 'chat_threads' ایجاد شد
2026-04-08 20:52:00 - FlexibleDB_gapgpt_multi.db - INFO - جدول 'chat_messages' ایجاد شد
2026-04-08 20:52:00 - FlexibleDB_gapgpt_multi.db - INFO - جدول 'user_states' ایجاد شد
2026-04-08 20:52:00 - FlexibleDB_gapgpt_multi.db - ERROR - خطا در به‌روزرسانی جدول users: no such column: last_seen
2026-04-08 20:53:03 - FlexibleDB_admin_panel.db - INFO - اتصال به دیتابیس 'admin_panel.db' برقرار شد
2026-04-08 20:53:03 - FlexibleDB_gapgpt_multi.db - INFO - اتصال به دیتابیس 'gapgpt_multi.db' برقرار شد
2026-04-08 20:53:03 - FlexibleDB_gapgpt_multi.db - INFO - جدول 'users' ایجاد شد
2026-04-08 20:53:03 - FlexibleDB_gapgpt_multi.db - INFO - جدول 'chat_threads' ایجاد شد
2026-04-08 20:53:03 - FlexibleDB_gapgpt_multi.db - INFO - جدول 'chat_messages' ایجاد شد
2026-04-08 20:53:03 - FlexibleDB_gapgpt_multi.db - INFO - جدول 'user_states' ایجاد شد
2026-04-08 20:53:03 - FlexibleDB_gapgpt_multi.db - INFO - جدول 'users' ایجاد شد
2026-04-08 20:53:03 - FlexibleDB_gapgpt_multi.db - INFO - جدول 'chat_threads' ایجاد شد
2026-04-08 20:53:03 - FlexibleDB_gapgpt_multi.db - INFO - جدول 'chat_messages' ایجاد شد
2026-04-08 20:53:03 - FlexibleDB_gapgpt_multi.db - INFO - جدول 'user_states' ایجاد شد
2026-04-08 20:53:03 - FlexibleDB_gapgpt_multi.db - INFO - جدول 'users' ایجاد شد
2026-04-08 20:53:03 - FlexibleDB_gapgpt_multi.db - INFO - جدول 'chat_threads' ایجاد شد
2026-04-08 20:53:03 - FlexibleDB_gapgpt_multi.db - INFO - جدول 'chat_messages' ایجاد شد
2026-04-08 20:53:03 - FlexibleDB_gapgpt_multi.db - INFO - جدول 'user_states' ایجاد شد
2026-04-08 20:53:03 - FlexibleDB_gapgpt_multi.db - INFO - جدول 'users' ایجاد شد
2026-04-08 20:53:03 - FlexibleDB_gapgpt_multi.db - INFO - جدول 'chat_threads' ایجاد شد
2026-04-08 20:53:03 - FlexibleDB_gapgpt_multi.db - INFO - جدول 'chat_messages' ایجاد شد
2026-04-08 20:53:03 - FlexibleDB_gapgpt_multi.db - INFO - جدول 'user_states' ایجاد شد
2026-04-10 09:14:55 - FlexibleDB_admin_panel.db - INFO - اتصال به دیتابیس 'admin_panel.db' برقرار شد
2026-04-10 09:14:55 - FlexibleDB_gapgpt_multi.db - INFO - اتصال به دیتابیس 'gapgpt_multi.db' برقرار شد
2026-04-10 09:14:55 - FlexibleDB_gapgpt_multi.db - INFO - جدول 'users' ایجاد شد
2026-04-10 09:14:55 - FlexibleDB_gapgpt_multi.db - INFO - جدول 'chat_threads' ایجاد شد
2026-04-10 09:14:55 - FlexibleDB_gapgpt_multi.db - INFO - جدول 'chat_messages' ایجاد شد
2026-04-10 09:14:55 - FlexibleDB_gapgpt_multi.db - INFO - جدول 'user_states' ایجاد شد
2026-04-10 09:14:55 - FlexibleDB_gapgpt_multi.db - INFO - جدول 'users' ایجاد شد
2026-04-10 09:14:55 - FlexibleDB_gapgpt_multi.db - INFO - جدول 'chat_threads' ایجاد شد
2026-04-10 09:14:55 - FlexibleDB_gapgpt_multi.db - INFO - جدول 'chat_messages' ایجاد شد
2026-04-10 09:14:55 - FlexibleDB_gapgpt_multi.db - INFO - جدول 'user_states' ایجاد شد
2026-04-10 09:14:55 - FlexibleDB_gapgpt_multi.db - INFO - جدول 'users' ایجاد شد
2026-04-10 09:14:55 - FlexibleDB_gapgpt_multi.db - INFO - جدول 'chat_threads' ایجاد شد
2026-04-10 09:14:55 - FlexibleDB_gapgpt_multi.db - INFO - جدول 'chat_messages' ایجاد شد
2026-04-10 09:14:55 - FlexibleDB_gapgpt_multi.db - INFO - جدول 'user_states' ایجاد شد
2026-04-10 09:14:55 - FlexibleDB_gapgpt_multi.db - INFO - جدول 'users' ایجاد شد
2026-04-10 09:14:55 - FlexibleDB_gapgpt_multi.db - INFO - جدول 'chat_threads' ایجاد شد
2026-04-10 09:14:55 - FlexibleDB_gapgpt_multi.db - INFO - جدول 'chat_messages' ایجاد شد
2026-04-10 09:14:55 - FlexibleDB_gapgpt_multi.db - INFO - جدول 'user_states' ایجاد شد
2026-04-10 18:26:30 - FlexibleDB_admin_panel.db - INFO - اتصال به دیتابیس 'admin_panel.db' برقرار شد
2026-04-10 18:26:30 - FlexibleDB_gapgpt_multi.db - INFO - اتصال به دیتابیس 'gapgpt_multi.db' برقرار شد
2026-04-10 18:26:30 - FlexibleDB_gapgpt_multi.db - INFO - جدول 'users' ایجاد شد
2026-04-10 18:26:30 - FlexibleDB_gapgpt_multi.db - INFO - جدول 'chat_threads' ایجاد شد
2026-04-10 18:26:30 - FlexibleDB_gapgpt_multi.db - INFO - جدول 'chat_messages' ایجاد شد
2026-04-10 18:26:30 - FlexibleDB_gapgpt_multi.db - INFO - جدول 'user_states' ایجاد شد
2026-04-10 18:26:30 - FlexibleDB_gapgpt_multi.db - INFO - جدول 'users' ایجاد شد
2026-04-10 18:26:30 - FlexibleDB_gapgpt_multi.db - INFO - جدول 'chat_threads' ایجاد شد
2026-04-10 18:26:30 - FlexibleDB_gapgpt_multi.db - INFO - جدول 'chat_messages' ایجاد شد
2026-04-10 18:26:30 - FlexibleDB_gapgpt_multi.db - INFO - جدول 'user_states' ایجاد شد
2026-04-10 18:26:30 - FlexibleDB_gapgpt_multi.db - INFO - جدول 'users' ایجاد شد
2026-04-10 18:26:30 - FlexibleDB_gapgpt_multi.db - INFO - جدول 'chat_threads' ایجاد شد
2026-04-10 18:26:30 - FlexibleDB_gapgpt_multi.db - INFO - جدول 'chat_messages' ایجاد شد
2026-04-10 18:26:30 - FlexibleDB_gapgpt_multi.db - INFO - جدول 'user_states' ایجاد شد
2026-04-10 18:26:30 - FlexibleDB_gapgpt_multi.db - INFO - جدول 'users' ایجاد شد
2026-04-10 18:26:30 - FlexibleDB_gapgpt_multi.db - INFO - جدول 'chat_threads' ایجاد شد
2026-04-10 18:26:30 - FlexibleDB_gapgpt_multi.db - INFO - جدول 'chat_messages' ایجاد شد
2026-04-10 18:26:30 - FlexibleDB_gapgpt_multi.db - INFO - جدول 'user_states' ایجاد شد
2026-04-10 18:27:05 - FlexibleDB_gapgpt_multi.db - ERROR - خطا در خواندن از جدول chat_theards: no such table: chat_theards
2026-04-10 18:28:46 - FlexibleDB_gapgpt_multi.db - INFO - اتصال به پایگاه داده بسته شد
2026-04-10 18:28:48 - FlexibleDB_admin_panel.db - INFO - اتصال به دیتابیس 'admin_panel.db' برقرار شد
2026-04-10 18:28:48 - FlexibleDB_gapgpt_multi.db - INFO - اتصال به دیتابیس 'gapgpt_multi.db' برقرار شد
2026-04-10 18:28:48 - FlexibleDB_gapgpt_multi.db - INFO - جدول 'users' ایجاد شد
2026-04-10 18:28:48 - FlexibleDB_gapgpt_multi.db - INFO - جدول 'chat_threads' ایجاد شد
2026-04-10 18:28:48 - FlexibleDB_gapgpt_multi.db - INFO - جدول 'chat_messages' ایجاد شد
2026-04-10 18:28:48 - FlexibleDB_gapgpt_multi.db - INFO - جدول 'user_states' ایجاد شد
2026-04-10 18:28:48 - FlexibleDB_gapgpt_multi.db - INFO - جدول 'users' ایجاد شد
2026-04-10 18:28:48 - FlexibleDB_gapgpt_multi.db - INFO - جدول 'chat_threads' ایجاد شد
2026-04-10 18:28:48 - FlexibleDB_gapgpt_multi.db - INFO - جدول 'chat_messages' ایجاد شد
2026-04-10 18:28:48 - FlexibleDB_gapgpt_multi.db - INFO - جدول 'user_states' ایجاد شد
2026-04-10 18:28:48 - FlexibleDB_gapgpt_multi.db - INFO - جدول 'users' ایجاد شد
2026-04-10 18:28:48 - FlexibleDB_gapgpt_multi.db - INFO - جدول 'chat_threads' ایجاد شد
2026-04-10 18:28:48 - FlexibleDB_gapgpt_multi.db - INFO - جدول 'chat_messages' ایجاد شد
2026-04-10 18:28:48 - FlexibleDB_gapgpt_multi.db - INFO - جدول 'user_states' ایجاد شد
2026-04-10 18:28:48 - FlexibleDB_gapgpt_multi.db - INFO - جدول 'users' ایجاد شد
2026-04-10 18:28:48 - FlexibleDB_gapgpt_multi.db - INFO - جدول 'chat_threads' ایجاد شد
2026-04-10 18:28:48 - FlexibleDB_gapgpt_multi.db - INFO - جدول 'chat_messages' ایجاد شد
2026-04-10 18:28:48 - FlexibleDB_gapgpt_multi.db - INFO - جدول 'user_states' ایجاد شد
2026-04-10 18:29:14 - FlexibleDB_admin_panel.db - INFO - اتصال به پایگاه داده بسته شد
2026-04-10 18:29:14 - FlexibleDB_gapgpt_multi.db - INFO - اتصال به پایگاه داده بسته شد
2026-04-10 18:29:27 - FlexibleDB_admin_panel.db - INFO - اتصال به دیتابیس 'admin_panel.db' برقرار شد
2026-04-10 18:29:27 - FlexibleDB_gapgpt_multi.db - INFO - اتصال به دیتابیس 'gapgpt_multi.db' برقرار شد
2026-04-10 18:29:27 - FlexibleDB_gapgpt_multi.db - INFO - جدول 'users' ایجاد شد
2026-04-10 18:29:27 - FlexibleDB_gapgpt_multi.db - INFO - جدول 'chat_threads' ایجاد شد
2026-04-10 18:29:27 - FlexibleDB_gapgpt_multi.db - INFO - جدول 'chat_messages' ایجاد شد
2026-04-10 18:29:27 - FlexibleDB_gapgpt_multi.db - INFO - جدول 'user_states' ایجاد شد
2026-04-10 18:29:27 - FlexibleDB_gapgpt_multi.db - INFO - جدول 'users' ایجاد شد
2026-04-10 18:29:27 - FlexibleDB_gapgpt_multi.db - INFO - جدول 'chat_threads' ایجاد شد
2026-04-10 18:29:27 - FlexibleDB_gapgpt_multi.db - INFO - جدول 'chat_messages' ایجاد شد
2026-04-10 18:29:27 - FlexibleDB_gapgpt_multi.db - INFO - جدول 'user_states' ایجاد شد
2026-04-10 18:29:27 - FlexibleDB_gapgpt_multi.db - INFO - جدول 'users' ایجاد شد
2026-04-10 18:29:27 - FlexibleDB_gapgpt_multi.db - INFO - جدول 'chat_threads' ایجاد شد
2026-04-10 18:29:27 - FlexibleDB_gapgpt_multi.db - INFO - جدول 'chat_messages' ایجاد شد
2026-04-10 18:29:27 - FlexibleDB_gapgpt_multi.db - INFO - جدول 'user_states' ایجاد شد
2026-04-10 18:29:27 - FlexibleDB_gapgpt_multi.db - INFO - جدول 'users' ایجاد شد
2026-04-10 18:29:27 - FlexibleDB_gapgpt_multi.db - INFO - جدول 'chat_threads' ایجاد شد
2026-04-10 18:29:27 - FlexibleDB_gapgpt_multi.db - INFO - جدول 'chat_messages' ایجاد شد
2026-04-10 18:29:27 - FlexibleDB_gapgpt_multi.db - INFO - جدول 'user_states' ایجاد شد
2026-04-10 18:30:33 - FlexibleDB_gapgpt_multi.db - ERROR - خطا در خواندن از جدول chat_theards: no such table: chat_theards
2026-04-10 18:31:26 - FlexibleDB_gapgpt_multi.db - INFO - اتصال به پایگاه داده بسته شد
2026-04-10 18:31:27 - FlexibleDB_admin_panel.db - INFO - اتصال به دیتابیس 'admin_panel.db' برقرار شد
2026-04-10 18:31:27 - FlexibleDB_gapgpt_multi.db - INFO - اتصال به دیتابیس 'gapgpt_multi.db' برقرار شد
2026-04-10 18:31:27 - FlexibleDB_gapgpt_multi.db - INFO - جدول 'users' ایجاد شد
2026-04-10 18:31:27 - FlexibleDB_gapgpt_multi.db - INFO - جدول 'chat_threads' ایجاد شد
2026-04-10 18:31:27 - FlexibleDB_gapgpt_multi.db - INFO - جدول 'chat_messages' ایجاد شد
2026-04-10 18:31:27 - FlexibleDB_gapgpt_multi.db - INFO - جدول 'user_states' ایجاد شد
2026-04-10 18:31:27 - FlexibleDB_gapgpt_multi.db - INFO - جدول 'users' ایجاد شد
2026-04-10 18:31:27 - FlexibleDB_gapgpt_multi.db - INFO - جدول 'chat_threads' ایجاد شد
2026-04-10 18:31:27 - FlexibleDB_gapgpt_multi.db - INFO - جدول 'chat_messages' ایجاد شد
2026-04-10 18:31:27 - FlexibleDB_gapgpt_multi.db - INFO - جدول 'user_states' ایجاد شد
2026-04-10 18:31:27 - FlexibleDB_gapgpt_multi.db - INFO - جدول 'users' ایجاد شد
2026-04-10 18:31:27 - FlexibleDB_gapgpt_multi.db - INFO - جدول 'chat_threads' ایجاد شد
2026-04-10 18:31:27 - FlexibleDB_gapgpt_multi.db - INFO - جدول 'chat_messages' ایجاد شد
2026-04-10 18:31:27 - FlexibleDB_gapgpt_multi.db - INFO - جدول 'user_states' ایجاد شد
2026-04-10 18:31:27 - FlexibleDB_gapgpt_multi.db - INFO - جدول 'users' ایجاد شد
2026-04-10 18:31:27 - FlexibleDB_gapgpt_multi.db - INFO - جدول 'chat_threads' ایجاد شد
2026-04-10 18:31:27 - FlexibleDB_gapgpt_multi.db - INFO - جدول 'chat_messages' ایجاد شد
2026-04-10 18:31:27 - FlexibleDB_gapgpt_multi.db - INFO - جدول 'user_states' ایجاد شد
2026-04-10 18:32:00 - FlexibleDB_gapgpt_multi.db - INFO - اتصال به پایگاه داده بسته شد
2026-04-10 18:32:02 - FlexibleDB_admin_panel.db - INFO - اتصال به دیتابیس 'admin_panel.db' برقرار شد
2026-04-10 18:32:02 - FlexibleDB_gapgpt_multi.db - INFO - اتصال به دیتابیس 'gapgpt_multi.db' برقرار شد
2026-04-10 18:32:02 - FlexibleDB_gapgpt_multi.db - INFO - جدول 'users' ایجاد شد
2026-04-10 18:32:02 - FlexibleDB_gapgpt_multi.db - INFO - جدول 'chat_threads' ایجاد شد
2026-04-10 18:32:02 - FlexibleDB_gapgpt_multi.db - INFO - جدول 'chat_messages' ایجاد شد
2026-04-10 18:32:02 - FlexibleDB_gapgpt_multi.db - INFO - جدول 'user_states' ایجاد شد
2026-04-10 18:32:02 - FlexibleDB_gapgpt_multi.db - INFO - جدول 'users' ایجاد شد
2026-04-10 18:32:02 - FlexibleDB_gapgpt_multi.db - INFO - جدول 'chat_threads' ایجاد شد
2026-04-10 18:32:02 - FlexibleDB_gapgpt_multi.db - INFO - جدول 'chat_messages' ایجاد شد
2026-04-10 18:32:02 - FlexibleDB_gapgpt_multi.db - INFO - جدول 'user_states' ایجاد شد
2026-04-10 18:32:02 - FlexibleDB_gapgpt_multi.db - INFO - جدول 'users' ایجاد شد
2026-04-10 18:32:02 - FlexibleDB_gapgpt_multi.db - INFO - جدول 'chat_threads' ایجاد شد
2026-04-10 18:32:02 - FlexibleDB_gapgpt_multi.db - INFO - جدول 'chat_messages' ایجاد شد
2026-04-10 18:32:02 - FlexibleDB_gapgpt_multi.db - INFO - جدول 'user_states' ایجاد شد
2026-04-10 18:32:02 - FlexibleDB_gapgpt_multi.db - INFO - جدول 'users' ایجاد شد
2026-04-10 18:32:02 - FlexibleDB_gapgpt_multi.db - INFO - جدول 'chat_threads' ایجاد شد
2026-04-10 18:32:02 - FlexibleDB_gapgpt_multi.db - INFO - جدول 'chat_messages' ایجاد شد
2026-04-10 18:32:02 - FlexibleDB_gapgpt_multi.db - INFO - جدول 'user_states' ایجاد شد
2026-04-10 18:32:07 - FlexibleDB_gapgpt_multi.db - INFO - اتصال به پایگاه داده بسته شد
2026-04-10 18:32:10 - FlexibleDB_admin_panel.db - INFO - اتصال به دیتابیس 'admin_panel.db' برقرار شد
2026-04-10 18:32:10 - FlexibleDB_gapgpt_multi.db - INFO - اتصال به دیتابیس 'gapgpt_multi.db' برقرار شد
2026-04-10 18:32:10 - FlexibleDB_gapgpt_multi.db - INFO - جدول 'users' ایجاد شد
2026-04-10 18:32:10 - FlexibleDB_gapgpt_multi.db - INFO - جدول 'chat_threads' ایجاد شد
2026-04-10 18:32:10 - FlexibleDB_gapgpt_multi.db - INFO - جدول 'chat_messages' ایجاد شد
2026-04-10 18:32:10 - FlexibleDB_gapgpt_multi.db - INFO - جدول 'user_states' ایجاد شد
2026-04-10 18:32:10 - FlexibleDB_gapgpt_multi.db - INFO - جدول 'users' ایجاد شد
2026-04-10 18:32:10 - FlexibleDB_gapgpt_multi.db - INFO - جدول 'chat_threads' ایجاد شد
2026-04-10 18:32:10 - FlexibleDB_gapgpt_multi.db - INFO - جدول 'chat_messages' ایجاد شد
2026-04-10 18:32:10 - FlexibleDB_gapgpt_multi.db - INFO - جدول 'user_states' ایجاد شد
2026-04-10 18:32:10 - FlexibleDB_gapgpt_multi.db - INFO - جدول 'users' ایجاد شد
2026-04-10 18:32:10 - FlexibleDB_gapgpt_multi.db - INFO - جدول 'chat_threads' ایجاد شد
2026-04-10 18:32:10 - FlexibleDB_gapgpt_multi.db - INFO - جدول 'chat_messages' ایجاد شد
2026-04-10 18:32:10 - FlexibleDB_gapgpt_multi.db - INFO - جدول 'user_states' ایجاد شد
2026-04-10 18:32:10 - FlexibleDB_gapgpt_multi.db - INFO - جدول 'users' ایجاد شد
2026-04-10 18:32:10 - FlexibleDB_gapgpt_multi.db - INFO - جدول 'chat_threads' ایجاد شد
2026-04-10 18:32:10 - FlexibleDB_gapgpt_multi.db - INFO - جدول 'chat_messages' ایجاد شد
2026-04-10 18:32:10 - FlexibleDB_gapgpt_multi.db - INFO - جدول 'user_states' ایجاد شد
2026-04-10 18:34:19 - FlexibleDB_gapgpt_multi.db - INFO - اتصال به پایگاه داده بسته شد
2026-04-10 18:34:20 - FlexibleDB_admin_panel.db - INFO - اتصال به دیتابیس 'admin_panel.db' برقرار شد
2026-04-10 18:34:20 - FlexibleDB_gapgpt_multi.db - INFO - اتصال به دیتابیس 'gapgpt_multi.db' برقرار شد
2026-04-10 18:34:20 - FlexibleDB_gapgpt_multi.db - INFO - جدول 'users' ایجاد شد
2026-04-10 18:34:20 - FlexibleDB_gapgpt_multi.db - INFO - جدول 'chat_threads' ایجاد شد
2026-04-10 18:34:20 - FlexibleDB_gapgpt_multi.db - INFO - جدول 'chat_messages' ایجاد شد
2026-04-10 18:34:20 - FlexibleDB_gapgpt_multi.db - INFO - جدول 'user_states' ایجاد شد
2026-04-10 18:34:20 - FlexibleDB_gapgpt_multi.db - INFO - جدول 'users' ایجاد شد
2026-04-10 18:34:20 - FlexibleDB_gapgpt_multi.db - INFO - جدول 'chat_threads' ایجاد شد
2026-04-10 18:34:20 - FlexibleDB_gapgpt_multi.db - INFO - جدول 'chat_messages' ایجاد شد
2026-04-10 18:34:20 - FlexibleDB_gapgpt_multi.db - INFO - جدول 'user_states' ایجاد شد
2026-04-10 18:34:20 - FlexibleDB_gapgpt_multi.db - INFO - جدول 'users' ایجاد شد
2026-04-10 18:34:20 - FlexibleDB_gapgpt_multi.db - INFO - جدول 'chat_threads' ایجاد شد
2026-04-10 18:34:20 - FlexibleDB_gapgpt_multi.db - INFO - جدول 'chat_messages' ایجاد شد
2026-04-10 18:34:20 - FlexibleDB_gapgpt_multi.db - INFO - جدول 'user_states' ایجاد شد
2026-04-10 18:34:20 - FlexibleDB_gapgpt_multi.db - INFO - جدول 'users' ایجاد شد
2026-04-10 18:34:20 - FlexibleDB_gapgpt_multi.db - INFO - جدول 'chat_threads' ایجاد شد
2026-04-10 18:34:20 - FlexibleDB_gapgpt_multi.db - INFO - جدول 'chat_messages' ایجاد شد
2026-04-10 18:34:20 - FlexibleDB_gapgpt_multi.db - INFO - جدول 'user_states' ایجاد شد
2026-04-10 18:34:52 - FlexibleDB_gapgpt_multi.db - INFO - اتصال به پایگاه داده بسته شد
2026-04-10 18:34:53 - FlexibleDB_admin_panel.db - INFO - اتصال به دیتابیس 'admin_panel.db' برقرار شد
2026-04-10 18:34:53 - FlexibleDB_gapgpt_multi.db - INFO - اتصال به دیتابیس 'gapgpt_multi.db' برقرار شد
2026-04-10 18:34:53 - FlexibleDB_gapgpt_multi.db - INFO - جدول 'users' ایجاد شد
2026-04-10 18:34:53 - FlexibleDB_gapgpt_multi.db - INFO - جدول 'chat_threads' ایجاد شد
2026-04-10 18:34:53 - FlexibleDB_gapgpt_multi.db - INFO - جدول 'chat_messages' ایجاد شد
2026-04-10 18:34:53 - FlexibleDB_gapgpt_multi.db - INFO - جدول 'user_states' ایجاد شد
2026-04-10 18:34:53 - FlexibleDB_gapgpt_multi.db - INFO - جدول 'users' ایجاد شد
2026-04-10 18:34:53 - FlexibleDB_gapgpt_multi.db - INFO - جدول 'chat_threads' ایجاد شد
2026-04-10 18:34:53 - FlexibleDB_gapgpt_multi.db - INFO - جدول 'chat_messages' ایجاد شد
2026-04-10 18:34:53 - FlexibleDB_gapgpt_multi.db - INFO - جدول 'user_states' ایجاد شد
2026-04-10 18:34:53 - FlexibleDB_gapgpt_multi.db - INFO - جدول 'users' ایجاد شد
2026-04-10 18:34:53 - FlexibleDB_gapgpt_multi.db - INFO - جدول 'chat_threads' ایجاد شد
2026-04-10 18:34:53 - FlexibleDB_gapgpt_multi.db - INFO - جدول 'chat_messages' ایجاد شد
2026-04-10 18:34:53 - FlexibleDB_gapgpt_multi.db - INFO - جدول 'user_states' ایجاد شد
2026-04-10 18:34:53 - FlexibleDB_gapgpt_multi.db - INFO - جدول 'users' ایجاد شد
2026-04-10 18:34:53 - FlexibleDB_gapgpt_multi.db - INFO - جدول 'chat_threads' ایجاد شد
2026-04-10 18:34:53 - FlexibleDB_gapgpt_multi.db - INFO - جدول 'chat_messages' ایجاد شد
2026-04-10 18:34:53 - FlexibleDB_gapgpt_multi.db - INFO - جدول 'user_states' ایجاد شد
2026-04-10 19:06:29 - FlexibleDB_gapgpt_multi.db - INFO - اتصال به پایگاه داده بسته شد
2026-04-10 19:06:31 - FlexibleDB_admin_panel.db - INFO - اتصال به دیتابیس 'admin_panel.db' برقرار شد
2026-04-10 19:06:31 - FlexibleDB_gapgpt_multi.db - INFO - اتصال به دیتابیس 'gapgpt_multi.db' برقرار شد
2026-04-10 19:06:31 - FlexibleDB_gapgpt_multi.db - INFO - جدول 'users' ایجاد شد
2026-04-10 19:06:31 - FlexibleDB_gapgpt_multi.db - INFO - جدول 'chat_threads' ایجاد شد
2026-04-10 19:06:31 - FlexibleDB_gapgpt_multi.db - INFO - جدول 'chat_messages' ایجاد شد
2026-04-10 19:06:31 - FlexibleDB_gapgpt_multi.db - INFO - جدول 'user_states' ایجاد شد
2026-04-10 19:06:31 - FlexibleDB_gapgpt_multi.db - INFO - جدول 'users' ایجاد شد
2026-04-10 19:06:31 - FlexibleDB_gapgpt_multi.db - INFO - جدول 'chat_threads' ایجاد شد
2026-04-10 19:06:31 - FlexibleDB_gapgpt_multi.db - INFO - جدول 'chat_messages' ایجاد شد
2026-04-10 19:06:31 - FlexibleDB_gapgpt_multi.db - INFO - جدول 'user_states' ایجاد شد
2026-04-10 19:06:31 - FlexibleDB_gapgpt_multi.db - INFO - جدول 'users' ایجاد شد
2026-04-10 19:06:31 - FlexibleDB_gapgpt_multi.db - INFO - جدول 'chat_threads' ایجاد شد
2026-04-10 19:06:31 - FlexibleDB_gapgpt_multi.db - INFO - جدول 'chat_messages' ایجاد شد
2026-04-10 19:06:31 - FlexibleDB_gapgpt_multi.db - INFO - جدول 'user_states' ایجاد شد
2026-04-10 19:06:31 - FlexibleDB_gapgpt_multi.db - INFO - جدول 'users' ایجاد شد
2026-04-10 19:06:31 - FlexibleDB_gapgpt_multi.db - INFO - جدول 'chat_threads' ایجاد شد
2026-04-10 19:06:31 - FlexibleDB_gapgpt_multi.db - INFO - جدول 'chat_messages' ایجاد شد
2026-04-10 19:06:31 - FlexibleDB_gapgpt_multi.db - INFO - جدول 'user_states' ایجاد شد
2026-04-10 19:07:49 - FlexibleDB_gapgpt_multi.db - INFO - اتصال به پایگاه داده بسته شد
2026-04-10 19:08:10 - FlexibleDB_admin_panel.db - INFO - اتصال به دیتابیس 'admin_panel.db' برقرار شد
2026-04-10 19:08:10 - FlexibleDB_gapgpt_multi.db - INFO - اتصال به دیتابیس 'gapgpt_multi.db' برقرار شد
2026-04-10 19:08:10 - FlexibleDB_gapgpt_multi.db - INFO - جدول 'users' ایجاد شد
2026-04-10 19:08:10 - FlexibleDB_gapgpt_multi.db - INFO - جدول 'chat_threads' ایجاد شد
2026-04-10 19:08:10 - FlexibleDB_gapgpt_multi.db - INFO - جدول 'chat_messages' ایجاد شد
2026-04-10 19:08:10 - FlexibleDB_gapgpt_multi.db - INFO - جدول 'user_states' ایجاد شد
2026-04-10 19:08:10 - FlexibleDB_gapgpt_multi.db - INFO - جدول 'users' ایجاد شد
2026-04-10 19:08:10 - FlexibleDB_gapgpt_multi.db - INFO - جدول 'chat_threads' ایجاد شد
2026-04-10 19:08:10 - FlexibleDB_gapgpt_multi.db - INFO - جدول 'chat_messages' ایجاد شد
2026-04-10 19:08:10 - FlexibleDB_gapgpt_multi.db - INFO - جدول 'user_states' ایجاد شد
2026-04-10 19:08:10 - FlexibleDB_gapgpt_multi.db - INFO - جدول 'users' ایجاد شد
2026-04-10 19:08:10 - FlexibleDB_gapgpt_multi.db - INFO - جدول 'chat_threads' ایجاد شد
2026-04-10 19:08:10 - FlexibleDB_gapgpt_multi.db - INFO - جدول 'chat_messages' ایجاد شد
2026-04-10 19:08:10 - FlexibleDB_gapgpt_multi.db - INFO - جدول 'user_states' ایجاد شد
2026-04-10 19:08:10 - FlexibleDB_gapgpt_multi.db - INFO - جدول 'users' ایجاد شد
2026-04-10 19:08:10 - FlexibleDB_gapgpt_multi.db - INFO - جدول 'chat_threads' ایجاد شد
2026-04-10 19:08:10 - FlexibleDB_gapgpt_multi.db - INFO - جدول 'chat_messages' ایجاد شد
2026-04-10 19:08:10 - FlexibleDB_gapgpt_multi.db - INFO - جدول 'user_states' ایجاد شد
2026-04-10 19:08:52 - FlexibleDB_gapgpt_multi.db - INFO - اتصال به پایگاه داده بسته شد
2026-04-10 19:08:55 - FlexibleDB_admin_panel.db - INFO - اتصال به دیتابیس 'admin_panel.db' برقرار شد
2026-04-10 19:08:55 - FlexibleDB_gapgpt_multi.db - INFO - اتصال به دیتابیس 'gapgpt_multi.db' برقرار شد
2026-04-10 19:08:55 - FlexibleDB_gapgpt_multi.db - INFO - جدول 'users' ایجاد شد
2026-04-10 19:08:55 - FlexibleDB_gapgpt_multi.db - INFO - جدول 'chat_threads' ایجاد شد
2026-04-10 19:08:55 - FlexibleDB_gapgpt_multi.db - INFO - جدول 'chat_messages' ایجاد شد
2026-04-10 19:08:55 - FlexibleDB_gapgpt_multi.db - INFO - جدول 'user_states' ایجاد شد
2026-04-10 19:08:55 - FlexibleDB_gapgpt_multi.db - INFO - جدول 'users' ایجاد شد
2026-04-10 19:08:55 - FlexibleDB_gapgpt_multi.db - INFO - جدول 'chat_threads' ایجاد شد
2026-04-10 19:08:55 - FlexibleDB_gapgpt_multi.db - INFO - جدول 'chat_messages' ایجاد شد
2026-04-10 19:08:55 - FlexibleDB_gapgpt_multi.db - INFO - جدول 'user_states' ایجاد شد
2026-04-10 19:08:55 - FlexibleDB_gapgpt_multi.db - INFO - جدول 'users' ایجاد شد
2026-04-10 19:08:55 - FlexibleDB_gapgpt_multi.db - INFO - جدول 'chat_threads' ایجاد شد
2026-04-10 19:08:55 - FlexibleDB_gapgpt_multi.db - INFO - جدول 'chat_messages' ایجاد شد
2026-04-10 19:08:55 - FlexibleDB_gapgpt_multi.db - INFO - جدول 'user_states' ایجاد شد
2026-04-10 19:08:55 - FlexibleDB_gapgpt_multi.db - INFO - جدول 'users' ایجاد شد
2026-04-10 19:08:55 - FlexibleDB_gapgpt_multi.db - INFO - جدول 'chat_threads' ایجاد شد
2026-04-10 19:08:55 - FlexibleDB_gapgpt_multi.db - INFO - جدول 'chat_messages' ایجاد شد
2026-04-10 19:08:55 - FlexibleDB_gapgpt_multi.db - INFO - جدول 'user_states' ایجاد شد
2026-04-10 19:09:03 - FlexibleDB_gapgpt_multi.db - INFO - اتصال به پایگاه داده بسته شد
2026-04-10 19:09:04 - FlexibleDB_admin_panel.db - INFO - اتصال به دیتابیس 'admin_panel.db' برقرار شد
2026-04-10 19:09:04 - FlexibleDB_gapgpt_multi.db - INFO - اتصال به دیتابیس 'gapgpt_multi.db' برقرار شد
2026-04-10 19:09:04 - FlexibleDB_gapgpt_multi.db - INFO - جدول 'users' ایجاد شد
2026-04-10 19:09:04 - FlexibleDB_gapgpt_multi.db - INFO - جدول 'chat_threads' ایجاد شد
2026-04-10 19:09:04 - FlexibleDB_gapgpt_multi.db - INFO - جدول 'chat_messages' ایجاد شد
2026-04-10 19:09:04 - FlexibleDB_gapgpt_multi.db - INFO - جدول 'user_states' ایجاد شد
2026-04-10 19:09:04 - FlexibleDB_gapgpt_multi.db - INFO - جدول 'users' ایجاد شد
2026-04-10 19:09:04 - FlexibleDB_gapgpt_multi.db - INFO - جدول 'chat_threads' ایجاد شد
2026-04-10 19:09:04 - FlexibleDB_gapgpt_multi.db - INFO - جدول 'chat_messages' ایجاد شد
2026-04-10 19:09:04 - FlexibleDB_gapgpt_multi.db - INFO - جدول 'user_states' ایجاد شد
2026-04-10 19:09:04 - FlexibleDB_gapgpt_multi.db - INFO - جدول 'users' ایجاد شد
2026-04-10 19:09:04 - FlexibleDB_gapgpt_multi.db - INFO - جدول 'chat_threads' ایجاد شد
2026-04-10 19:09:04 - FlexibleDB_gapgpt_multi.db - INFO - جدول 'chat_messages' ایجاد شد
2026-04-10 19:09:04 - FlexibleDB_gapgpt_multi.db - INFO - جدول 'user_states' ایجاد شد
2026-04-10 19:09:04 - FlexibleDB_gapgpt_multi.db - INFO - جدول 'users' ایجاد شد
2026-04-10 19:09:04 - FlexibleDB_gapgpt_multi.db - INFO - جدول 'chat_threads' ایجاد شد
2026-04-10 19:09:04 - FlexibleDB_gapgpt_multi.db - INFO - جدول 'chat_messages' ایجاد شد
2026-04-10 19:09:04 - FlexibleDB_gapgpt_multi.db - INFO - جدول 'user_states' ایجاد شد
2026-04-10 19:10:59 - FlexibleDB_gapgpt_multi.db - INFO - اتصال به پایگاه داده بسته شد
2026-04-10 19:11:00 - FlexibleDB_admin_panel.db - INFO - اتصال به دیتابیس 'admin_panel.db' برقرار شد
2026-04-10 19:11:00 - FlexibleDB_gapgpt_multi.db - INFO - اتصال به دیتابیس 'gapgpt_multi.db' برقرار شد
2026-04-10 19:11:00 - FlexibleDB_gapgpt_multi.db - INFO - جدول 'users' ایجاد شد
2026-04-10 19:11:00 - FlexibleDB_gapgpt_multi.db - INFO - جدول 'chat_threads' ایجاد شد
2026-04-10 19:11:00 - FlexibleDB_gapgpt_multi.db - INFO - جدول 'chat_messages' ایجاد شد
2026-04-10 19:11:00 - FlexibleDB_gapgpt_multi.db - INFO - جدول 'user_states' ایجاد شد
2026-04-10 19:11:00 - FlexibleDB_gapgpt_multi.db - INFO - جدول 'users' ایجاد شد
2026-04-10 19:11:00 - FlexibleDB_gapgpt_multi.db - INFO - جدول 'chat_threads' ایجاد شد
2026-04-10 19:11:00 - FlexibleDB_gapgpt_multi.db - INFO - جدول 'chat_messages' ایجاد شد
2026-04-10 19:11:00 - FlexibleDB_gapgpt_multi.db - INFO - جدول 'user_states' ایجاد شد
2026-04-10 19:11:00 - FlexibleDB_gapgpt_multi.db - INFO - جدول 'users' ایجاد شد
2026-04-10 19:11:00 - FlexibleDB_gapgpt_multi.db - INFO - جدول 'chat_threads' ایجاد شد
2026-04-10 19:11:00 - FlexibleDB_gapgpt_multi.db - INFO - جدول 'chat_messages' ایجاد شد
2026-04-10 19:11:00 - FlexibleDB_gapgpt_multi.db - INFO - جدول 'user_states' ایجاد شد
2026-04-10 19:11:00 - FlexibleDB_gapgpt_multi.db - INFO - جدول 'users' ایجاد شد
2026-04-10 19:11:00 - FlexibleDB_gapgpt_multi.db - INFO - جدول 'chat_threads' ایجاد شد
2026-04-10 19:11:00 - FlexibleDB_gapgpt_multi.db - INFO - جدول 'chat_messages' ایجاد شد
2026-04-10 19:11:00 - FlexibleDB_gapgpt_multi.db - INFO - جدول 'user_states' ایجاد شد
2026-04-10 19:11:10 - FlexibleDB_gapgpt_multi.db - ERROR - خطا در به‌روزرسانی جدول users: no such column: last_seen
2026-04-10 19:12:57 - FlexibleDB_gapgpt_multi.db - INFO - اتصال به پایگاه داده بسته شد
2026-04-10 19:12:58 - FlexibleDB_admin_panel.db - INFO - اتصال به دیتابیس 'admin_panel.db' برقرار شد
2026-04-10 19:12:58 - FlexibleDB_gapgpt_multi.db - INFO - اتصال به دیتابیس 'gapgpt_multi.db' برقرار شد
2026-04-10 19:12:58 - FlexibleDB_gapgpt_multi.db - INFO - جدول 'users' ایجاد شد
2026-04-10 19:12:58 - FlexibleDB_gapgpt_multi.db - INFO - جدول 'chat_threads' ایجاد شد
2026-04-10 19:12:58 - FlexibleDB_gapgpt_multi.db - INFO - جدول 'chat_messages' ایجاد شد
2026-04-10 19:12:58 - FlexibleDB_gapgpt_multi.db - INFO - جدول 'user_states' ایجاد شد
2026-04-10 19:12:58 - FlexibleDB_gapgpt_multi.db - INFO - جدول 'users' ایجاد شد
2026-04-10 19:12:58 - FlexibleDB_gapgpt_multi.db - INFO - جدول 'chat_threads' ایجاد شد
2026-04-10 19:12:58 - FlexibleDB_gapgpt_multi.db - INFO - جدول 'chat_messages' ایجاد شد
2026-04-10 19:12:58 - FlexibleDB_gapgpt_multi.db - INFO - جدول 'user_states' ایجاد شد
2026-04-10 19:12:58 - FlexibleDB_gapgpt_multi.db - INFO - جدول 'users' ایجاد شد
2026-04-10 19:12:58 - FlexibleDB_gapgpt_multi.db - INFO - جدول 'chat_threads' ایجاد شد
2026-04-10 19:12:58 - FlexibleDB_gapgpt_multi.db - INFO - جدول 'chat_messages' ایجاد شد
2026-04-10 19:12:58 - FlexibleDB_gapgpt_multi.db - INFO - جدول 'user_states' ایجاد شد
2026-04-10 19:12:58 - FlexibleDB_gapgpt_multi.db - INFO - جدول 'users' ایجاد شد
2026-04-10 19:12:58 - FlexibleDB_gapgpt_multi.db - INFO - جدول 'chat_threads' ایجاد شد
2026-04-10 19:12:58 - FlexibleDB_gapgpt_multi.db - INFO - جدول 'chat_messages' ایجاد شد
2026-04-10 19:12:58 - FlexibleDB_gapgpt_multi.db - INFO - جدول 'user_states' ایجاد شد
2026-04-10 19:13:04 - FlexibleDB_gapgpt_multi.db - ERROR - خطا در به‌روزرسانی جدول users: no such column: last_seen
2026-04-10 19:13:29 - FlexibleDB_gapgpt_multi.db - INFO - اتصال به پایگاه داده بسته شد
2026-04-10 19:13:30 - FlexibleDB_admin_panel.db - INFO - اتصال به دیتابیس 'admin_panel.db' برقرار شد
2026-04-10 19:13:30 - FlexibleDB_gapgpt_multi.db - INFO - اتصال به دیتابیس 'gapgpt_multi.db' برقرار شد
2026-04-10 19:13:30 - FlexibleDB_gapgpt_multi.db - INFO - جدول 'users' ایجاد شد
2026-04-10 19:13:30 - FlexibleDB_gapgpt_multi.db - INFO - جدول 'chat_threads' ایجاد شد
2026-04-10 19:13:30 - FlexibleDB_gapgpt_multi.db - INFO - جدول 'chat_messages' ایجاد شد
2026-04-10 19:13:30 - FlexibleDB_gapgpt_multi.db - INFO - جدول 'user_states' ایجاد شد
2026-04-10 19:13:30 - FlexibleDB_gapgpt_multi.db - INFO - جدول 'users' ایجاد شد
2026-04-10 19:13:30 - FlexibleDB_gapgpt_multi.db - INFO - جدول 'chat_threads' ایجاد شد
2026-04-10 19:13:30 - FlexibleDB_gapgpt_multi.db - INFO - جدول 'chat_messages' ایجاد شد
2026-04-10 19:13:30 - FlexibleDB_gapgpt_multi.db - INFO - جدول 'user_states' ایجاد شد
2026-04-10 19:13:30 - FlexibleDB_gapgpt_multi.db - INFO - جدول 'users' ایجاد شد
2026-04-10 19:13:30 - FlexibleDB_gapgpt_multi.db - INFO - جدول 'chat_threads' ایجاد شد
2026-04-10 19:13:30 - FlexibleDB_gapgpt_multi.db - INFO - جدول 'chat_messages' ایجاد شد
2026-04-10 19:13:30 - FlexibleDB_gapgpt_multi.db - INFO - جدول 'user_states' ایجاد شد
2026-04-10 19:13:30 - FlexibleDB_gapgpt_multi.db - INFO - جدول 'users' ایجاد شد
2026-04-10 19:13:30 - FlexibleDB_gapgpt_multi.db - INFO - جدول 'chat_threads' ایجاد شد
2026-04-10 19:13:30 - FlexibleDB_gapgpt_multi.db - INFO - جدول 'chat_messages' ایجاد شد
2026-04-10 19:13:30 - FlexibleDB_gapgpt_multi.db - INFO - جدول 'user_states' ایجاد شد
2026-04-10 19:13:37 - FlexibleDB_gapgpt_multi.db - INFO - اتصال به پایگاه داده بسته شد
2026-04-10 19:13:38 - FlexibleDB_admin_panel.db - INFO - اتصال به دیتابیس 'admin_panel.db' برقرار شد
2026-04-10 19:13:38 - FlexibleDB_gapgpt_multi.db - INFO - اتصال به دیتابیس 'gapgpt_multi.db' برقرار شد
2026-04-10 19:13:38 - FlexibleDB_gapgpt_multi.db - INFO - جدول 'users' ایجاد شد
2026-04-10 19:13:38 - FlexibleDB_gapgpt_multi.db - INFO - جدول 'chat_threads' ایجاد شد
2026-04-10 19:13:38 - FlexibleDB_gapgpt_multi.db - INFO - جدول 'chat_messages' ایجاد شد
2026-04-10 19:13:38 - FlexibleDB_gapgpt_multi.db - INFO - جدول 'user_states' ایجاد شد
2026-04-10 19:13:38 - FlexibleDB_gapgpt_multi.db - INFO - جدول 'users' ایجاد شد
2026-04-10 19:13:38 - FlexibleDB_gapgpt_multi.db - INFO - جدول 'chat_threads' ایجاد شد
2026-04-10 19:13:38 - FlexibleDB_gapgpt_multi.db - INFO - جدول 'chat_messages' ایجاد شد
2026-04-10 19:13:38 - FlexibleDB_gapgpt_multi.db - INFO - جدول 'user_states' ایجاد شد
2026-04-10 19:13:38 - FlexibleDB_gapgpt_multi.db - INFO - جدول 'users' ایجاد شد
2026-04-10 19:13:38 - FlexibleDB_gapgpt_multi.db - INFO - جدول 'chat_threads' ایجاد شد
2026-04-10 19:13:38 - FlexibleDB_gapgpt_multi.db - INFO - جدول 'chat_messages' ایجاد شد
2026-04-10 19:13:38 - FlexibleDB_gapgpt_multi.db - INFO - جدول 'user_states' ایجاد شد
2026-04-10 19:13:38 - FlexibleDB_gapgpt_multi.db - INFO - جدول 'users' ایجاد شد
2026-04-10 19:13:38 - FlexibleDB_gapgpt_multi.db - INFO - جدول 'chat_threads' ایجاد شد
2026-04-10 19:13:38 - FlexibleDB_gapgpt_multi.db - INFO - جدول 'chat_messages' ایجاد شد
2026-04-10 19:13:38 - FlexibleDB_gapgpt_multi.db - INFO - جدول 'user_states' ایجاد شد
2026-04-10 19:13:54 - FlexibleDB_gapgpt_multi.db - ERROR - خطا در به‌روزرسانی جدول users: no such column: last_seen
2026-04-10 19:17:48 - FlexibleDB_gapgpt_multi.db - INFO - اتصال به پایگاه داده بسته شد
2026-04-10 19:24:25 - FlexibleDB_admin_panel.db - INFO - اتصال به دیتابیس 'admin_panel.db' برقرار شد
2026-04-10 19:24:25 - FlexibleDB_gapgpt_multi.db - INFO - اتصال به دیتابیس 'gapgpt_multi.db' برقرار شد
2026-04-10 19:24:25 - FlexibleDB_gapgpt_multi.db - INFO - جدول 'users' ایجاد شد
2026-04-10 19:24:25 - FlexibleDB_gapgpt_multi.db - INFO - جدول 'chat_threads' ایجاد شد
2026-04-10 19:24:25 - FlexibleDB_gapgpt_multi.db - INFO - جدول 'chat_messages' ایجاد شد
2026-04-10 19:24:25 - FlexibleDB_gapgpt_multi.db - INFO - جدول 'user_states' ایجاد شد
2026-04-10 19:24:25 - FlexibleDB_gapgpt_multi.db - INFO - جدول 'users' ایجاد شد
2026-04-10 19:24:25 - FlexibleDB_gapgpt_multi.db - INFO - جدول 'chat_threads' ایجاد شد
2026-04-10 19:24:25 - FlexibleDB_gapgpt_multi.db - INFO - جدول 'chat_messages' ایجاد شد
2026-04-10 19:24:25 - FlexibleDB_gapgpt_multi.db - INFO - جدول 'user_states' ایجاد شد
2026-04-10 19:24:25 - FlexibleDB_gapgpt_multi.db - INFO - جدول 'users' ایجاد شد
2026-04-10 19:24:25 - FlexibleDB_gapgpt_multi.db - INFO - جدول 'chat_threads' ایجاد شد
2026-04-10 19:24:25 - FlexibleDB_gapgpt_multi.db - INFO - جدول 'chat_messages' ایجاد شد
2026-04-10 19:24:25 - FlexibleDB_gapgpt_multi.db - INFO - جدول 'user_states' ایجاد شد
2026-04-10 19:24:25 - FlexibleDB_gapgpt_multi.db - INFO - جدول 'users' ایجاد شد
2026-04-10 19:24:25 - FlexibleDB_gapgpt_multi.db - INFO - جدول 'chat_threads' ایجاد شد
2026-04-10 19:24:25 - FlexibleDB_gapgpt_multi.db - INFO - جدول 'chat_messages' ایجاد شد
2026-04-10 19:24:25 - FlexibleDB_gapgpt_multi.db - INFO - جدول 'user_states' ایجاد شد
2026-04-10 19:24:32 - FlexibleDB_gapgpt_multi.db - INFO - اتصال به پایگاه داده بسته شد
2026-04-10 19:24:34 - FlexibleDB_admin_panel.db - INFO - اتصال به دیتابیس 'admin_panel.db' برقرار شد
2026-04-10 19:24:34 - FlexibleDB_gapgpt_multi.db - INFO - اتصال به دیتابیس 'gapgpt_multi.db' برقرار شد
2026-04-10 19:24:34 - FlexibleDB_gapgpt_multi.db - INFO - جدول 'users' ایجاد شد
2026-04-10 19:24:34 - FlexibleDB_gapgpt_multi.db - INFO - جدول 'chat_threads' ایجاد شد
2026-04-10 19:24:34 - FlexibleDB_gapgpt_multi.db - INFO - جدول 'chat_messages' ایجاد شد
2026-04-10 19:24:34 - FlexibleDB_gapgpt_multi.db - INFO - جدول 'user_states' ایجاد شد
2026-04-10 19:24:34 - FlexibleDB_gapgpt_multi.db - INFO - جدول 'users' ایجاد شد
2026-04-10 19:24:34 - FlexibleDB_gapgpt_multi.db - INFO - جدول 'chat_threads' ایجاد شد
2026-04-10 19:24:34 - FlexibleDB_gapgpt_multi.db - INFO - جدول 'chat_messages' ایجاد شد
2026-04-10 19:24:34 - FlexibleDB_gapgpt_multi.db - INFO - جدول 'user_states' ایجاد شد
2026-04-10 19:24:34 - FlexibleDB_gapgpt_multi.db - INFO - جدول 'users' ایجاد شد
2026-04-10 19:24:34 - FlexibleDB_gapgpt_multi.db - INFO - جدول 'chat_threads' ایجاد شد
2026-04-10 19:24:34 - FlexibleDB_gapgpt_multi.db - INFO - جدول 'chat_messages' ایجاد شد
2026-04-10 19:24:34 - FlexibleDB_gapgpt_multi.db - INFO - جدول 'user_states' ایجاد شد
2026-04-10 19:24:34 - FlexibleDB_gapgpt_multi.db - INFO - جدول 'users' ایجاد شد
2026-04-10 19:24:34 - FlexibleDB_gapgpt_multi.db - INFO - جدول 'chat_threads' ایجاد شد
2026-04-10 19:24:34 - FlexibleDB_gapgpt_multi.db - INFO - جدول 'chat_messages' ایجاد شد
2026-04-10 19:24:34 - FlexibleDB_gapgpt_multi.db - INFO - جدول 'user_states' ایجاد شد
2026-04-10 19:24:59 - FlexibleDB_admin_panel.db - INFO - اتصال به پایگاه داده بسته شد
2026-04-10 19:24:59 - FlexibleDB_gapgpt_multi.db - INFO - اتصال به پایگاه داده بسته شد
2026-04-10 19:25:10 - FlexibleDB_admin_panel.db - INFO - اتصال به دیتابیس 'admin_panel.db' برقرار شد
2026-04-10 19:25:10 - FlexibleDB_gapgpt_multi.db - INFO - اتصال به دیتابیس 'gapgpt_multi.db' برقرار شد
2026-04-10 19:25:10 - FlexibleDB_gapgpt_multi.db - INFO - جدول 'users' ایجاد شد
2026-04-10 19:25:10 - FlexibleDB_gapgpt_multi.db - INFO - جدول 'chat_threads' ایجاد شد
2026-04-10 19:25:10 - FlexibleDB_gapgpt_multi.db - INFO - جدول 'chat_messages' ایجاد شد
2026-04-10 19:25:10 - FlexibleDB_gapgpt_multi.db - INFO - جدول 'user_states' ایجاد شد
2026-04-10 19:25:10 - FlexibleDB_gapgpt_multi.db - INFO - جدول 'users' ایجاد شد
2026-04-10 19:25:10 - FlexibleDB_gapgpt_multi.db - INFO - جدول 'chat_threads' ایجاد شد
2026-04-10 19:25:10 - FlexibleDB_gapgpt_multi.db - INFO - جدول 'chat_messages' ایجاد شد
2026-04-10 19:25:10 - FlexibleDB_gapgpt_multi.db - INFO - جدول 'user_states' ایجاد شد
2026-04-10 19:25:10 - FlexibleDB_gapgpt_multi.db - INFO - جدول 'users' ایجاد شد
2026-04-10 19:25:10 - FlexibleDB_gapgpt_multi.db - INFO - جدول 'chat_threads' ایجاد شد
2026-04-10 19:25:10 - FlexibleDB_gapgpt_multi.db - INFO - جدول 'chat_messages' ایجاد شد
2026-04-10 19:25:10 - FlexibleDB_gapgpt_multi.db - INFO - جدول 'user_states' ایجاد شد
2026-04-10 19:25:10 - FlexibleDB_gapgpt_multi.db - INFO - جدول 'users' ایجاد شد
2026-04-10 19:25:10 - FlexibleDB_gapgpt_multi.db - INFO - جدول 'chat_threads' ایجاد شد
2026-04-10 19:25:10 - FlexibleDB_gapgpt_multi.db - INFO - جدول 'chat_messages' ایجاد شد
2026-04-10 19:25:10 - FlexibleDB_gapgpt_multi.db - INFO - جدول 'user_states' ایجاد شد
2026-04-10 19:25:15 - FlexibleDB_gapgpt_multi.db - INFO - اتصال به پایگاه داده بسته شد
2026-04-10 19:25:17 - FlexibleDB_admin_panel.db - INFO - اتصال به دیتابیس 'admin_panel.db' برقرار شد
2026-04-10 19:25:17 - FlexibleDB_gapgpt_multi.db - INFO - اتصال به دیتابیس 'gapgpt_multi.db' برقرار شد
2026-04-10 19:25:17 - FlexibleDB_gapgpt_multi.db - INFO - جدول 'users' ایجاد شد
2026-04-10 19:25:17 - FlexibleDB_gapgpt_multi.db - INFO - جدول 'chat_threads' ایجاد شد
2026-04-10 19:25:17 - FlexibleDB_gapgpt_multi.db - INFO - جدول 'chat_messages' ایجاد شد
2026-04-10 19:25:17 - FlexibleDB_gapgpt_multi.db - INFO - جدول 'user_states' ایجاد شد
2026-04-10 19:25:17 - FlexibleDB_gapgpt_multi.db - INFO - جدول 'users' ایجاد شد
2026-04-10 19:25:17 - FlexibleDB_gapgpt_multi.db - INFO - جدول 'chat_threads' ایجاد شد
2026-04-10 19:25:17 - FlexibleDB_gapgpt_multi.db - INFO - جدول 'chat_messages' ایجاد شد
2026-04-10 19:25:17 - FlexibleDB_gapgpt_multi.db - INFO - جدول 'user_states' ایجاد شد
2026-04-10 19:25:17 - FlexibleDB_gapgpt_multi.db - INFO - جدول 'users' ایجاد شد
2026-04-10 19:25:17 - FlexibleDB_gapgpt_multi.db - INFO - جدول 'chat_threads' ایجاد شد
2026-04-10 19:25:17 - FlexibleDB_gapgpt_multi.db - INFO - جدول 'chat_messages' ایجاد شد
2026-04-10 19:25:17 - FlexibleDB_gapgpt_multi.db - INFO - جدول 'user_states' ایجاد شد
2026-04-10 19:25:17 - FlexibleDB_gapgpt_multi.db - INFO - جدول 'users' ایجاد شد
2026-04-10 19:25:17 - FlexibleDB_gapgpt_multi.db - INFO - جدول 'chat_threads' ایجاد شد
2026-04-10 19:25:17 - FlexibleDB_gapgpt_multi.db - INFO - جدول 'chat_messages' ایجاد شد
2026-04-10 19:25:17 - FlexibleDB_gapgpt_multi.db - INFO - جدول 'user_states' ایجاد شد
2026-04-10 19:25:21 - FlexibleDB_gapgpt_multi.db - INFO - اتصال به پایگاه داده بسته شد
2026-04-10 19:25:26 - FlexibleDB_admin_panel.db - INFO - اتصال به دیتابیس 'admin_panel.db' برقرار شد
2026-04-10 19:25:26 - FlexibleDB_gapgpt_multi.db - INFO - اتصال به دیتابیس 'gapgpt_multi.db' برقرار شد
2026-04-10 19:25:26 - FlexibleDB_gapgpt_multi.db - INFO - جدول 'users' ایجاد شد
2026-04-10 19:25:26 - FlexibleDB_gapgpt_multi.db - INFO - جدول 'chat_threads' ایجاد شد
2026-04-10 19:25:26 - FlexibleDB_gapgpt_multi.db - INFO - جدول 'chat_messages' ایجاد شد
2026-04-10 19:25:26 - FlexibleDB_gapgpt_multi.db - INFO - جدول 'user_states' ایجاد شد
2026-04-10 19:25:26 - FlexibleDB_gapgpt_multi.db - INFO - جدول 'users' ایجاد شد
2026-04-10 19:25:26 - FlexibleDB_gapgpt_multi.db - INFO - جدول 'chat_threads' ایجاد شد
2026-04-10 19:25:26 - FlexibleDB_gapgpt_multi.db - INFO - جدول 'chat_messages' ایجاد شد
2026-04-10 19:25:26 - FlexibleDB_gapgpt_multi.db - INFO - جدول 'user_states' ایجاد شد
2026-04-10 19:25:26 - FlexibleDB_gapgpt_multi.db - INFO - جدول 'users' ایجاد شد
2026-04-10 19:25:26 - FlexibleDB_gapgpt_multi.db - INFO - جدول 'chat_threads' ایجاد شد
2026-04-10 19:25:26 - FlexibleDB_gapgpt_multi.db - INFO - جدول 'chat_messages' ایجاد شد
2026-04-10 19:25:26 - FlexibleDB_gapgpt_multi.db - INFO - جدول 'user_states' ایجاد شد
2026-04-10 19:25:26 - FlexibleDB_gapgpt_multi.db - INFO - جدول 'users' ایجاد شد
2026-04-10 19:25:26 - FlexibleDB_gapgpt_multi.db - INFO - جدول 'chat_threads' ایجاد شد
2026-04-10 19:25:26 - FlexibleDB_gapgpt_multi.db - INFO - جدول 'chat_messages' ایجاد شد
2026-04-10 19:25:26 - FlexibleDB_gapgpt_multi.db - INFO - جدول 'user_states' ایجاد شد
2026-04-10 19:25:48 - FlexibleDB_admin_panel.db - INFO - اتصال به پایگاه داده بسته شد
2026-04-10 19:25:48 - FlexibleDB_gapgpt_multi.db - INFO - اتصال به پایگاه داده بسته شد
2026-04-10 19:27:57 - FlexibleDB_admin_panel.db - INFO - اتصال به دیتابیس 'admin_panel.db' برقرار شد
2026-04-10 19:27:57 - FlexibleDB_gapgpt_multi.db - INFO - اتصال به دیتابیس 'gapgpt_multi.db' برقرار شد
2026-04-10 19:27:57 - FlexibleDB_gapgpt_multi.db - INFO - جدول 'users' ایجاد شد
2026-04-10 19:27:57 - FlexibleDB_gapgpt_multi.db - INFO - جدول 'chat_threads' ایجاد شد
2026-04-10 19:27:57 - FlexibleDB_gapgpt_multi.db - INFO - جدول 'chat_messages' ایجاد شد
2026-04-10 19:27:57 - FlexibleDB_gapgpt_multi.db - INFO - جدول 'user_states' ایجاد شد
2026-04-10 19:27:57 - FlexibleDB_gapgpt_multi.db - INFO - جدول 'users' ایجاد شد
2026-04-10 19:27:57 - FlexibleDB_gapgpt_multi.db - INFO - جدول 'chat_threads' ایجاد شد
2026-04-10 19:27:57 - FlexibleDB_gapgpt_multi.db - INFO - جدول 'chat_messages' ایجاد شد
2026-04-10 19:27:57 - FlexibleDB_gapgpt_multi.db - INFO - جدول 'user_states' ایجاد شد
2026-04-10 19:27:57 - FlexibleDB_gapgpt_multi.db - INFO - جدول 'users' ایجاد شد
2026-04-10 19:27:57 - FlexibleDB_gapgpt_multi.db - INFO - جدول 'chat_threads' ایجاد شد
2026-04-10 19:27:57 - FlexibleDB_gapgpt_multi.db - INFO - جدول 'chat_messages' ایجاد شد
2026-04-10 19:27:57 - FlexibleDB_gapgpt_multi.db - INFO - جدول 'user_states' ایجاد شد
2026-04-10 19:27:57 - FlexibleDB_gapgpt_multi.db - INFO - جدول 'users' ایجاد شد
2026-04-10 19:27:57 - FlexibleDB_gapgpt_multi.db - INFO - جدول 'chat_threads' ایجاد شد
2026-04-10 19:27:57 - FlexibleDB_gapgpt_multi.db - INFO - جدول 'chat_messages' ایجاد شد
2026-04-10 19:27:57 - FlexibleDB_gapgpt_multi.db - INFO - جدول 'user_states' ایجاد شد
2026-04-10 19:27:58 - FlexibleDB_gapgpt_multi.db - ERROR - خطا در به‌روزرسانی جدول users: no such column: last_seen
2026-04-10 19:27:58 - FlexibleDB_gapgpt_multi.db - ERROR - خطا در به‌روزرسانی جدول users: no such column: last_seen
2026-04-10 19:28:58 - FlexibleDB_admin_panel.db - INFO - اتصال به دیتابیس 'admin_panel.db' برقرار شد
2026-04-10 19:28:58 - FlexibleDB_gapgpt_multi.db - INFO - اتصال به دیتابیس 'gapgpt_multi.db' برقرار شد
2026-04-10 19:28:58 - FlexibleDB_gapgpt_multi.db - INFO - جدول 'users' ایجاد شد
2026-04-10 19:28:58 - FlexibleDB_gapgpt_multi.db - INFO - جدول 'chat_threads' ایجاد شد
2026-04-10 19:28:58 - FlexibleDB_gapgpt_multi.db - INFO - جدول 'chat_messages' ایجاد شد
2026-04-10 19:28:58 - FlexibleDB_gapgpt_multi.db - INFO - جدول 'user_states' ایجاد شد
2026-04-10 19:28:58 - FlexibleDB_gapgpt_multi.db - INFO - جدول 'users' ایجاد شد
2026-04-10 19:28:58 - FlexibleDB_gapgpt_multi.db - INFO - جدول 'chat_threads' ایجاد شد
2026-04-10 19:28:58 - FlexibleDB_gapgpt_multi.db - INFO - جدول 'chat_messages' ایجاد شد
2026-04-10 19:28:58 - FlexibleDB_gapgpt_multi.db - INFO - جدول 'user_states' ایجاد شد
2026-04-10 19:28:58 - FlexibleDB_gapgpt_multi.db - INFO - جدول 'users' ایجاد شد
2026-04-10 19:28:58 - FlexibleDB_gapgpt_multi.db - INFO - جدول 'chat_threads' ایجاد شد
2026-04-10 19:28:58 - FlexibleDB_gapgpt_multi.db - INFO - جدول 'chat_messages' ایجاد شد
2026-04-10 19:28:58 - FlexibleDB_gapgpt_multi.db - INFO - جدول 'user_states' ایجاد شد
2026-04-10 19:28:58 - FlexibleDB_gapgpt_multi.db - INFO - جدول 'users' ایجاد شد
2026-04-10 19:28:58 - FlexibleDB_gapgpt_multi.db - INFO - جدول 'chat_threads' ایجاد شد
2026-04-10 19:28:58 - FlexibleDB_gapgpt_multi.db - INFO - جدول 'chat_messages' ایجاد شد
2026-04-10 19:28:58 - FlexibleDB_gapgpt_multi.db - INFO - جدول 'user_states' ایجاد شد
2026-04-10 19:29:57 - FlexibleDB_admin_panel.db - INFO - اتصال به دیتابیس 'admin_panel.db' برقرار شد
2026-04-10 19:29:57 - FlexibleDB_gapgpt_multi.db - INFO - اتصال به دیتابیس 'gapgpt_multi.db' برقرار شد
2026-04-10 19:29:57 - FlexibleDB_gapgpt_multi.db - INFO - جدول 'users' ایجاد شد
2026-04-10 19:29:57 - FlexibleDB_gapgpt_multi.db - INFO - جدول 'chat_threads' ایجاد شد
2026-04-10 19:29:57 - FlexibleDB_gapgpt_multi.db - INFO - جدول 'chat_messages' ایجاد شد
2026-04-10 19:29:57 - FlexibleDB_gapgpt_multi.db - INFO - جدول 'user_states' ایجاد شد
2026-04-10 19:29:57 - FlexibleDB_gapgpt_multi.db - INFO - جدول 'users' ایجاد شد
2026-04-10 19:29:57 - FlexibleDB_gapgpt_multi.db - INFO - جدول 'chat_threads' ایجاد شد
2026-04-10 19:29:57 - FlexibleDB_gapgpt_multi.db - INFO - جدول 'chat_messages' ایجاد شد
2026-04-10 19:29:57 - FlexibleDB_gapgpt_multi.db - INFO - جدول 'user_states' ایجاد شد
2026-04-10 19:29:57 - FlexibleDB_gapgpt_multi.db - INFO - جدول 'users' ایجاد شد
2026-04-10 19:29:57 - FlexibleDB_gapgpt_multi.db - INFO - جدول 'chat_threads' ایجاد شد
2026-04-10 19:29:57 - FlexibleDB_gapgpt_multi.db - INFO - جدول 'chat_messages' ایجاد شد
2026-04-10 19:29:57 - FlexibleDB_gapgpt_multi.db - INFO - جدول 'user_states' ایجاد شد
2026-04-10 19:29:57 - FlexibleDB_gapgpt_multi.db - INFO - جدول 'users' ایجاد شد
2026-04-10 19:29:57 - FlexibleDB_gapgpt_multi.db - INFO - جدول 'chat_threads' ایجاد شد
2026-04-10 19:29:57 - FlexibleDB_gapgpt_multi.db - INFO - جدول 'chat_messages' ایجاد شد
2026-04-10 19:29:57 - FlexibleDB_gapgpt_multi.db - INFO - جدول 'user_states' ایجاد شد
2026-04-12 13:12:28 - FlexibleDB_admin_panel.db - INFO - اتصال به دیتابیس 'admin_panel.db' برقرار شد
2026-04-12 13:12:28 - FlexibleDB_gapgpt_multi.db - INFO - اتصال به دیتابیس 'gapgpt_multi.db' برقرار شد
2026-04-12 13:12:28 - FlexibleDB_gapgpt_multi.db - INFO - جدول 'users' ایجاد شد
2026-04-12 13:12:29 - FlexibleDB_gapgpt_multi.db - INFO - جدول 'chat_threads' ایجاد شد
2026-04-12 13:12:29 - FlexibleDB_gapgpt_multi.db - INFO - جدول 'chat_messages' ایجاد شد
2026-04-12 13:12:29 - FlexibleDB_gapgpt_multi.db - INFO - جدول 'user_states' ایجاد شد
2026-04-12 13:12:29 - FlexibleDB_gapgpt_multi.db - INFO - جدول 'users' ایجاد شد
2026-04-12 13:12:29 - FlexibleDB_gapgpt_multi.db - INFO - جدول 'chat_threads' ایجاد شد
2026-04-12 13:12:29 - FlexibleDB_gapgpt_multi.db - INFO - جدول 'chat_messages' ایجاد شد
2026-04-12 13:12:29 - FlexibleDB_gapgpt_multi.db - INFO - جدول 'user_states' ایجاد شد
2026-04-12 13:12:29 - FlexibleDB_gapgpt_multi.db - INFO - جدول 'users' ایجاد شد
2026-04-12 13:12:29 - FlexibleDB_gapgpt_multi.db - INFO - جدول 'chat_threads' ایجاد شد
2026-04-12 13:12:29 - FlexibleDB_gapgpt_multi.db - INFO - جدول 'chat_messages' ایجاد شد
2026-04-12 13:12:29 - FlexibleDB_gapgpt_multi.db - INFO - جدول 'user_states' ایجاد شد
2026-04-12 13:12:29 - FlexibleDB_gapgpt_multi.db - INFO - جدول 'users' ایجاد شد
2026-04-12 13:12:29 - FlexibleDB_gapgpt_multi.db - INFO - جدول 'chat_threads' ایجاد شد
2026-04-12 13:12:29 - FlexibleDB_gapgpt_multi.db - INFO - جدول 'chat_messages' ایجاد شد
2026-04-12 13:12:29 - FlexibleDB_gapgpt_multi.db - INFO - جدول 'user_states' ایجاد شد
2026-04-12 13:12:49 - FlexibleDB_admin_panel.db - INFO - اتصال به پایگاه داده بسته شد
2026-04-12 13:12:49 - FlexibleDB_gapgpt_multi.db - INFO - اتصال به پایگاه داده بسته شد
2026-04-12 13:12:53 - FlexibleDB_admin_panel.db - INFO - اتصال به دیتابیس 'admin_panel.db' برقرار شد
2026-04-12 13:12:53 - FlexibleDB_gapgpt_multi.db - INFO - اتصال به دیتابیس 'gapgpt_multi.db' برقرار شد
2026-04-12 13:12:53 - FlexibleDB_gapgpt_multi.db - INFO - جدول 'users' ایجاد شد
2026-04-12 13:12:53 - FlexibleDB_gapgpt_multi.db - INFO - جدول 'chat_threads' ایجاد شد
2026-04-12 13:12:53 - FlexibleDB_gapgpt_multi.db - INFO - جدول 'chat_messages' ایجاد شد
2026-04-12 13:12:53 - FlexibleDB_gapgpt_multi.db - INFO - جدول 'user_states' ایجاد شد
2026-04-12 13:12:53 - FlexibleDB_gapgpt_multi.db - INFO - جدول 'users' ایجاد شد
2026-04-12 13:12:53 - FlexibleDB_gapgpt_multi.db - INFO - جدول 'chat_threads' ایجاد شد
2026-04-12 13:12:53 - FlexibleDB_gapgpt_multi.db - INFO - جدول 'chat_messages' ایجاد شد
2026-04-12 13:12:53 - FlexibleDB_gapgpt_multi.db - INFO - جدول 'user_states' ایجاد شد
2026-04-12 13:12:53 - FlexibleDB_gapgpt_multi.db - INFO - جدول 'users' ایجاد شد
2026-04-12 13:12:53 - FlexibleDB_gapgpt_multi.db - INFO - جدول 'chat_threads' ایجاد شد
2026-04-12 13:12:53 - FlexibleDB_gapgpt_multi.db - INFO - جدول 'chat_messages' ایجاد شد
2026-04-12 13:12:53 - FlexibleDB_gapgpt_multi.db - INFO - جدول 'user_states' ایجاد شد
2026-04-12 13:12:53 - FlexibleDB_gapgpt_multi.db - INFO - جدول 'users' ایجاد شد
2026-04-12 13:12:53 - FlexibleDB_gapgpt_multi.db - INFO - جدول 'chat_threads' ایجاد شد
2026-04-12 13:12:53 - FlexibleDB_gapgpt_multi.db - INFO - جدول 'chat_messages' ایجاد شد
2026-04-12 13:12:53 - FlexibleDB_gapgpt_multi.db - INFO - جدول 'user_states' ایجاد شد
2026-04-12 13:13:25 - FlexibleDB_gapgpt_multi.db - INFO - اتصال به پایگاه داده بسته شد
